This is pdfTeX, Version 3.14159265-2.6-1.40.16 (TeX Live 2015/MacPorts 2015_2) (preloaded format=pdflatex 2015.8.10)  5 SEP 2015 01:07
entering extended mode
 restricted \write18 enabled.
 %&-line parsing enabled.
**report.tex
(./report.tex
LaTeX2e <2015/01/01>
Babel <3.9l> and hyphenation patterns for 2 languages loaded.
(/opt/local/share/texmf-texlive/tex/latex/base/article.cls
Document Class: article 2014/09/29 v1.4h Standard LaTeX document class
(/opt/local/share/texmf-texlive/tex/latex/base/size10.clo
File: size10.clo 2014/09/29 v1.4h Standard LaTeX file (size option)
)
\c@part=\count79
\c@section=\count80
\c@subsection=\count81
\c@subsubsection=\count82
\c@paragraph=\count83
\c@subparagraph=\count84
\c@figure=\count85
\c@table=\count86
\abovecaptionskip=\skip41
\belowcaptionskip=\skip42
\bibindent=\dimen102
)
(/opt/local/share/texmf-texlive/tex/latex/graphics/graphicx.sty
Package: graphicx 2014/10/28 v1.0g Enhanced LaTeX Graphics (DPC,SPQR)

(/opt/local/share/texmf-texlive/tex/latex/graphics/keyval.sty
Package: keyval 2014/10/28 v1.15 key=value parser (DPC)
\KV@toks@=\toks14
)
(/opt/local/share/texmf-texlive/tex/latex/graphics/graphics.sty
Package: graphics 2014/10/28 v1.0p Standard LaTeX Graphics (DPC,SPQR)

(/opt/local/share/texmf-texlive/tex/latex/graphics/trig.sty
Package: trig 1999/03/16 v1.09 sin cos tan (DPC)
)
(/opt/local/share/texmf-texlive/tex/latex/latexconfig/graphics.cfg
File: graphics.cfg 2010/04/23 v1.9 graphics configuration of TeX Live
)
Package graphics Info: Driver file: pdftex.def on input line 94.

(/opt/local/share/texmf-texlive/tex/latex/pdftex-def/pdftex.def
File: pdftex.def 2011/05/27 v0.06d Graphics/color for pdfTeX

(/opt/local/share/texmf-texlive/tex/generic/oberdiek/infwarerr.sty
Package: infwarerr 2010/04/08 v1.3 Providing info/warning/error messages (HO)
)
(/opt/local/share/texmf-texlive/tex/generic/oberdiek/ltxcmds.sty
Package: ltxcmds 2011/11/09 v1.22 LaTeX kernel commands for general use (HO)
)
\Gread@gobject=\count87
))
\Gin@req@height=\dimen103
\Gin@req@width=\dimen104
)
(/opt/local/share/texmf-texlive/tex/latex/geometry/geometry.sty
Package: geometry 2010/09/12 v5.6 Page Geometry

(/opt/local/share/texmf-texlive/tex/generic/oberdiek/ifpdf.sty
Package: ifpdf 2011/01/30 v2.3 Provides the ifpdf switch (HO)
Package ifpdf Info: pdfTeX in PDF mode is detected.
)
(/opt/local/share/texmf-texlive/tex/generic/oberdiek/ifvtex.sty
Package: ifvtex 2010/03/01 v1.5 Detect VTeX and its facilities (HO)
Package ifvtex Info: VTeX not detected.
)
(/opt/local/share/texmf-texlive/tex/generic/ifxetex/ifxetex.sty
Package: ifxetex 2010/09/12 v0.6 Provides ifxetex conditional
)
\Gm@cnth=\count88
\Gm@cntv=\count89
\c@Gm@tempcnt=\count90
\Gm@bindingoffset=\dimen105
\Gm@wd@mp=\dimen106
\Gm@odd@mp=\dimen107
\Gm@even@mp=\dimen108
\Gm@layoutwidth=\dimen109
\Gm@layoutheight=\dimen110
\Gm@layouthoffset=\dimen111
\Gm@layoutvoffset=\dimen112
\Gm@dimlist=\toks15
) (./report.aux)
\openout1 = `report.aux'.

LaTeX Font Info:    Checking defaults for OML/cmm/m/it on input line 5.
LaTeX Font Info:    ... okay on input line 5.
LaTeX Font Info:    Checking defaults for T1/cmr/m/n on input line 5.
LaTeX Font Info:    ... okay on input line 5.
LaTeX Font Info:    Checking defaults for OT1/cmr/m/n on input line 5.
LaTeX Font Info:    ... okay on input line 5.
LaTeX Font Info:    Checking defaults for OMS/cmsy/m/n on input line 5.
LaTeX Font Info:    ... okay on input line 5.
LaTeX Font Info:    Checking defaults for OMX/cmex/m/n on input line 5.
LaTeX Font Info:    ... okay on input line 5.
LaTeX Font Info:    Checking defaults for U/cmr/m/n on input line 5.
LaTeX Font Info:    ... okay on input line 5.
 (/opt/local/share/texmf-texlive/tex/context/base/supp-pdf.mkii
[Loading MPS to PDF converter (version 2006.09.02).]
\scratchcounter=\count91
\scratchdimen=\dimen113
\scratchbox=\box26
\nofMPsegments=\count92
\nofMParguments=\count93
\everyMPshowfont=\toks16
\MPscratchCnt=\count94
\MPscratchDim=\dimen114
\MPnumerator=\count95
\makeMPintoPDFobject=\count96
\everyMPtoPDFconversion=\toks17
) (/opt/local/share/texmf-texlive/tex/generic/oberdiek/pdftexcmds.sty
Package: pdftexcmds 2011/11/29 v0.20 Utility functions of pdfTeX for LuaTeX (HO
)

(/opt/local/share/texmf-texlive/tex/generic/oberdiek/ifluatex.sty
Package: ifluatex 2010/03/01 v1.3 Provides the ifluatex switch (HO)
Package ifluatex Info: LuaTeX not detected.
)
Package pdftexcmds Info: LuaTeX not detected.
Package pdftexcmds Info: \pdf@primitive is available.
Package pdftexcmds Info: \pdf@ifprimitive is available.
Package pdftexcmds Info: \pdfdraftmode found.
)
(/opt/local/share/texmf-texlive/tex/latex/oberdiek/epstopdf-base.sty
Package: epstopdf-base 2010/02/09 v2.5 Base part for package epstopdf

(/opt/local/share/texmf-texlive/tex/latex/oberdiek/grfext.sty
Package: grfext 2010/08/19 v1.1 Manage graphics extensions (HO)

(/opt/local/share/texmf-texlive/tex/generic/oberdiek/kvdefinekeys.sty
Package: kvdefinekeys 2011/04/07 v1.3 Define keys (HO)
))
(/opt/local/share/texmf-texlive/tex/latex/oberdiek/kvoptions.sty
Package: kvoptions 2011/06/30 v3.11 Key value format for package options (HO)

(/opt/local/share/texmf-texlive/tex/generic/oberdiek/kvsetkeys.sty
Package: kvsetkeys 2012/04/25 v1.16 Key value parser (HO)

(/opt/local/share/texmf-texlive/tex/generic/oberdiek/etexcmds.sty
Package: etexcmds 2011/02/16 v1.5 Avoid name clashes with e-TeX commands (HO)
Package etexcmds Info: Could not find \expanded.
(etexcmds)             That can mean that you are not using pdfTeX 1.50 or
(etexcmds)             that some package has redefined \expanded.
(etexcmds)             In the latter case, load this package earlier.
)))
Package grfext Info: Graphics extension search list:
(grfext)             [.png,.pdf,.jpg,.mps,.jpeg,.jbig2,.jb2,.PNG,.PDF,.JPG,.JPE
G,.JBIG2,.JB2,.eps]
(grfext)             \AppendGraphicsExtensions on input line 452.

(/opt/local/share/texmf-texlive/tex/latex/latexconfig/epstopdf-sys.cfg
File: epstopdf-sys.cfg 2010/07/13 v1.3 Configuration of (r)epstopdf for TeX Liv
e
))
*geometry* driver: auto-detecting
*geometry* detected driver: pdftex
*geometry* verbose mode - [ preamble ] result:
* driver: pdftex
* paper: a4paper
* layout: <same size as paper>
* layoutoffset:(h,v)=(0.0pt,0.0pt)
* modes: 
* h-part:(L,W,R)=(0.0pt, 597.50787pt, 0.0pt)
* v-part:(T,H,B)=(0.0pt, 845.04684pt, 0.0pt)
* \paperwidth=597.50787pt
* \paperheight=845.04684pt
* \textwidth=597.50787pt
* \textheight=845.04684pt
* \oddsidemargin=-72.26999pt
* \evensidemargin=-72.26999pt
* \topmargin=-109.26999pt
* \headheight=12.0pt
* \headsep=25.0pt
* \topskip=10.0pt
* \footskip=30.0pt
* \marginparwidth=65.0pt
* \marginparsep=11.0pt
* \columnsep=10.0pt
* \skip\footins=9.0pt plus 4.0pt minus 2.0pt
* \hoffset=0.0pt
* \voffset=0.0pt
* \mag=1000
* \@twocolumnfalse
* \@twosidefalse
* \@mparswitchfalse
* \@reversemarginfalse
* (1in=72.27pt=25.4mm, 1cm=28.453pt)

LaTeX Font Info:    External font `cmex10' loaded for size
(Font)              <7> on input line 9.
LaTeX Font Info:    External font `cmex10' loaded for size
(Font)              <5> on input line 9.

</Users/francisnewson/Documents/Birmingham/na62/note/working/halo_check/output/
2015-09-03pm/full_merge/all/h_cda.pdf, id=1, 569.12625pt x 534.99875pt>
File: /Users/francisnewson/Documents/Birmingham/na62/note/working/halo_check/ou
tput/2015-09-03pm/full_merge/all/h_cda.pdf Graphic file (type pdf)

<use /Users/francisnewson/Documents/Birmingham/na62/note/working/halo_check/out
put/2015-09-03pm/full_merge/all/h_cda.pdf>
Package pdftex.def Info: /Users/francisnewson/Documents/Birmingham/na62/note/wo
rking/halo_check/output/2015-09-03pm/full_merge/all/h_cda.pdf used on input lin
e 10.
(pdftex.def)             Requested size: 149.37697pt x 140.41885pt.

</Users/francisnewson/Documents/Birmingham/na62/note/working/halo_check/output/
2015-09-03pm/full_merge/all/h_cda_rat.pdf, id=2, 569.12625pt x 534.99875pt>
File: /Users/francisnewson/Documents/Birmingham/na62/note/working/halo_check/ou
tput/2015-09-03pm/full_merge/all/h_cda_rat.pdf Graphic file (type pdf)

<use /Users/francisnewson/Documents/Birmingham/na62/note/working/halo_check/out
put/2015-09-03pm/full_merge/all/h_cda_rat.pdf>
Package pdftex.def Info: /Users/francisnewson/Documents/Birmingham/na62/note/wo
rking/halo_check/output/2015-09-03pm/full_merge/all/h_cda_rat.pdf used on input
 line 11.
(pdftex.def)             Requested size: 149.37697pt x 140.41885pt.

</Users/francisnewson/Documents/Birmingham/na62/note/working/halo_check/output/
2015-09-03pm/full_merge/all/h_m2m_kmu.pdf, id=3, 569.12625pt x 534.99875pt>
File: /Users/francisnewson/Documents/Birmingham/na62/note/working/halo_check/ou
tput/2015-09-03pm/full_merge/all/h_m2m_kmu.pdf Graphic file (type pdf)

<use /Users/francisnewson/Documents/Birmingham/na62/note/working/halo_check/out
put/2015-09-03pm/full_merge/all/h_m2m_kmu.pdf>
Package pdftex.def Info: /Users/francisnewson/Documents/Birmingham/na62/note/wo
rking/halo_check/output/2015-09-03pm/full_merge/all/h_m2m_kmu.pdf used on input
 line 12.
(pdftex.def)             Requested size: 149.37697pt x 140.41885pt.

</Users/francisnewson/Documents/Birmingham/na62/note/working/halo_check/output/
2015-09-03pm/full_merge/all/h_m2m_kmu_rat.pdf, id=4, 569.12625pt x 534.99875pt>
File: /Users/francisnewson/Documents/Birmingham/na62/note/working/halo_check/ou
tput/2015-09-03pm/full_merge/all/h_m2m_kmu_rat.pdf Graphic file (type pdf)

<use /Users/francisnewson/Documents/Birmingham/na62/note/working/halo_check/out
put/2015-09-03pm/full_merge/all/h_m2m_kmu_rat.pdf>
Package pdftex.def Info: /Users/francisnewson/Documents/Birmingham/na62/note/wo
rking/halo_check/output/2015-09-03pm/full_merge/all/h_m2m_kmu_rat.pdf used on i
nput line 13.
(pdftex.def)             Requested size: 149.37697pt x 140.41885pt.

</Users/francisnewson/Documents/Birmingham/na62/note/working/halo_check/output/
2015-09-03pm/full_merge/all/h_p.pdf, id=5, 569.12625pt x 534.99875pt>
File: /Users/francisnewson/Documents/Birmingham/na62/note/working/halo_check/ou
tput/2015-09-03pm/full_merge/all/h_p.pdf Graphic file (type pdf)

<use /Users/francisnewson/Documents/Birmingham/na62/note/working/halo_check/out
put/2015-09-03pm/full_merge/all/h_p.pdf>
Package pdftex.def Info: /Users/francisnewson/Documents/Birmingham/na62/note/wo
rking/halo_check/output/2015-09-03pm/full_merge/all/h_p.pdf used on input line 
14.
(pdftex.def)             Requested size: 149.37697pt x 140.41885pt.

</Users/francisnewson/Documents/Birmingham/na62/note/working/halo_check/output/
2015-09-03pm/full_merge/all/h_p_rat.pdf, id=6, 569.12625pt x 534.99875pt>
File: /Users/francisnewson/Documents/Birmingham/na62/note/working/halo_check/ou
tput/2015-09-03pm/full_merge/all/h_p_rat.pdf Graphic file (type pdf)

<use /Users/francisnewson/Documents/Birmingham/na62/note/working/halo_check/out
put/2015-09-03pm/full_merge/all/h_p_rat.pdf>
Package pdftex.def Info: /Users/francisnewson/Documents/Birmingham/na62/note/wo
rking/halo_check/output/2015-09-03pm/full_merge/all/h_p_rat.pdf used on input l
ine 15.
(pdftex.def)             Requested size: 149.37697pt x 140.41885pt.

</Users/francisnewson/Documents/Birmingham/na62/note/working/halo_check/output/
2015-09-03pm/full_merge/all/h_t.pdf, id=7, 569.12625pt x 534.99875pt>
File: /Users/francisnewson/Documents/Birmingham/na62/note/working/halo_check/ou
tput/2015-09-03pm/full_merge/all/h_t.pdf Graphic file (type pdf)

<use /Users/francisnewson/Documents/Birmingham/na62/note/working/halo_check/out
put/2015-09-03pm/full_merge/all/h_t.pdf>
Package pdftex.def Info: /Users/francisnewson/Documents/Birmingham/na62/note/wo
rking/halo_check/output/2015-09-03pm/full_merge/all/h_t.pdf used on input line 
16.
(pdftex.def)             Requested size: 149.37697pt x 140.41885pt.

</Users/francisnewson/Documents/Birmingham/na62/note/working/halo_check/output/
2015-09-03pm/full_merge/all/h_t_rat.pdf, id=8, 569.12625pt x 534.99875pt>
File: /Users/francisnewson/Documents/Birmingham/na62/note/working/halo_check/ou
tput/2015-09-03pm/full_merge/all/h_t_rat.pdf Graphic file (type pdf)

<use /Users/francisnewson/Documents/Birmingham/na62/note/working/halo_check/out
put/2015-09-03pm/full_merge/all/h_t_rat.pdf>
Package pdftex.def Info: /Users/francisnewson/Documents/Birmingham/na62/note/wo
rking/halo_check/output/2015-09-03pm/full_merge/all/h_t_rat.pdf used on input l
ine 17.
(pdftex.def)             Requested size: 149.37697pt x 140.41885pt.

</Users/francisnewson/Documents/Birmingham/na62/note/working/halo_check/output/
2015-09-03pm/full_merge/all/h_z.pdf, id=9, 569.12625pt x 534.99875pt>
File: /Users/francisnewson/Documents/Birmingham/na62/note/working/halo_check/ou
tput/2015-09-03pm/full_merge/all/h_z.pdf Graphic file (type pdf)

<use /Users/francisnewson/Documents/Birmingham/na62/note/working/halo_check/out
put/2015-09-03pm/full_merge/all/h_z.pdf>
Package pdftex.def Info: /Users/francisnewson/Documents/Birmingham/na62/note/wo
rking/halo_check/output/2015-09-03pm/full_merge/all/h_z.pdf used on input line 
18.
(pdftex.def)             Requested size: 149.37697pt x 140.41885pt.

</Users/francisnewson/Documents/Birmingham/na62/note/working/halo_check/output/
2015-09-03pm/full_merge/all/h_z_rat.pdf, id=10, 569.12625pt x 534.99875pt>
File: /Users/francisnewson/Documents/Birmingham/na62/note/working/halo_check/ou
tput/2015-09-03pm/full_merge/all/h_z_rat.pdf Graphic file (type pdf)

<use /Users/francisnewson/Documents/Birmingham/na62/note/working/halo_check/out
put/2015-09-03pm/full_merge/all/h_z_rat.pdf>
Package pdftex.def Info: /Users/francisnewson/Documents/Birmingham/na62/note/wo
rking/halo_check/output/2015-09-03pm/full_merge/all/h_z_rat.pdf used on input l
ine 19.
(pdftex.def)             Requested size: 149.37697pt x 140.41885pt.
 [1

{/opt/local/var/db/texmf/fonts/map/pdftex/updmap/pdftex.map} </Users/francisnew
son/Documents/Birmingham/na62/note/working/halo_check/output/2015-09-03pm/full_
merge/all/h_cda.pdf, page is rotated 90 degrees> </Users/francisnewson/Document
s/Birmingham/na62/note/working/halo_check/output/2015-09-03pm/full_merge/all/h_
cda_rat.pdf, page is rotated 90 degrees> </Users/francisnewson/Documents/Birmin
gham/na62/note/working/halo_check/output/2015-09-03pm/full_merge/all/h_m2m_kmu.
pdf, page is rotated 90 degrees> </Users/francisnewson/Documents/Birmingham/na6
2/note/working/halo_check/output/2015-09-03pm/full_merge/all/h_m2m_kmu_rat.pdf,
 page is rotated 90 degrees> </Users/francisnewson/Documents/Birmingham/na62/no
te/working/halo_check/output/2015-09-03pm/full_merge/all/h_p.pdf, page is rotat
ed 90 degrees> </Users/francisnewson/Documents/Birmingham/na62/note/working/hal
o_check/output/2015-09-03pm/full_merge/all/h_p_rat.pdf, page is rotated 90 degr
ees> </Users/francisnewson/Documents/Birmingham/na62/note/working/halo_check/ou
tput/2015-09-03pm/full_merge/all/h_t.pdf, page is rotated 90 degrees> </Users/f
rancisnewson/Documents/Birmingham/na62/note/working/halo_check/output/2015-09-0
3pm/full_merge/all/h_t_rat.pdf, page is rotated 90 degrees> </Users/francisnews
on/Documents/Birmingham/na62/note/working/halo_check/output/2015-09-03pm/full_m
erge/all/h_z.pdf, page is rotated 90 degrees> </Users/francisnewson/Documents/B
irmingham/na62/note/working/halo_check/output/2015-09-03pm/full_merge/all/h_z_r
at.pdf, page is rotated 90 degrees>]
</Users/francisnewson/Documents/Birmingham/na62/note/working/halo_check/output/
2015-09-03pm/full_merge/upper/h_cda.pdf, id=449, 569.12625pt x 534.99875pt>
File: /Users/francisnewson/Documents/Birmingham/na62/note/working/halo_check/ou
tput/2015-09-03pm/full_merge/upper/h_cda.pdf Graphic file (type pdf)

<use /Users/francisnewson/Documents/Birmingham/na62/note/working/halo_check/out
put/2015-09-03pm/full_merge/upper/h_cda.pdf>
Package pdftex.def Info: /Users/francisnewson/Documents/Birmingham/na62/note/wo
rking/halo_check/output/2015-09-03pm/full_merge/upper/h_cda.pdf used on input l
ine 28.
(pdftex.def)             Requested size: 149.37697pt x 140.41885pt.

</Users/francisnewson/Documents/Birmingham/na62/note/working/halo_check/output/
2015-09-03pm/full_merge/upper/h_cda_rat.pdf, id=450, 569.12625pt x 534.99875pt>
File: /Users/francisnewson/Documents/Birmingham/na62/note/working/halo_check/ou
tput/2015-09-03pm/full_merge/upper/h_cda_rat.pdf Graphic file (type pdf)

<use /Users/francisnewson/Documents/Birmingham/na62/note/working/halo_check/out
put/2015-09-03pm/full_merge/upper/h_cda_rat.pdf>
Package pdftex.def Info: /Users/francisnewson/Documents/Birmingham/na62/note/wo
rking/halo_check/output/2015-09-03pm/full_merge/upper/h_cda_rat.pdf used on inp
ut line 29.
(pdftex.def)             Requested size: 149.37697pt x 140.41885pt.

</Users/francisnewson/Documents/Birmingham/na62/note/working/halo_check/output/
2015-09-03pm/full_merge/upper/h_m2m_kmu.pdf, id=451, 569.12625pt x 534.99875pt>
File: /Users/francisnewson/Documents/Birmingham/na62/note/working/halo_check/ou
tput/2015-09-03pm/full_merge/upper/h_m2m_kmu.pdf Graphic file (type pdf)

<use /Users/francisnewson/Documents/Birmingham/na62/note/working/halo_check/out
put/2015-09-03pm/full_merge/upper/h_m2m_kmu.pdf>
Package pdftex.def Info: /Users/francisnewson/Documents/Birmingham/na62/note/wo
rking/halo_check/output/2015-09-03pm/full_merge/upper/h_m2m_kmu.pdf used on inp
ut line 30.
(pdftex.def)             Requested size: 149.37697pt x 140.41885pt.

</Users/francisnewson/Documents/Birmingham/na62/note/working/halo_check/output/
2015-09-03pm/full_merge/upper/h_m2m_kmu_rat.pdf, id=452, 569.12625pt x 534.9987
5pt>
File: /Users/francisnewson/Documents/Birmingham/na62/note/working/halo_check/ou
tput/2015-09-03pm/full_merge/upper/h_m2m_kmu_rat.pdf Graphic file (type pdf)

<use /Users/francisnewson/Documents/Birmingham/na62/note/working/halo_check/out
put/2015-09-03pm/full_merge/upper/h_m2m_kmu_rat.pdf>
Package pdftex.def Info: /Users/francisnewson/Documents/Birmingham/na62/note/wo
rking/halo_check/output/2015-09-03pm/full_merge/upper/h_m2m_kmu_rat.pdf used on
 input line 31.
(pdftex.def)             Requested size: 149.37697pt x 140.41885pt.

</Users/francisnewson/Documents/Birmingham/na62/note/working/halo_check/output/
2015-09-03pm/full_merge/upper/h_p.pdf, id=453, 569.12625pt x 534.99875pt>
File: /Users/francisnewson/Documents/Birmingham/na62/note/working/halo_check/ou
tput/2015-09-03pm/full_merge/upper/h_p.pdf Graphic file (type pdf)

<use /Users/francisnewson/Documents/Birmingham/na62/note/working/halo_check/out
put/2015-09-03pm/full_merge/upper/h_p.pdf>
Package pdftex.def Info: /Users/francisnewson/Documents/Birmingham/na62/note/wo
rking/halo_check/output/2015-09-03pm/full_merge/upper/h_p.pdf used on input lin
e 32.
(pdftex.def)             Requested size: 149.37697pt x 140.41885pt.

</Users/francisnewson/Documents/Birmingham/na62/note/working/halo_check/output/
2015-09-03pm/full_merge/upper/h_p_rat.pdf, id=454, 569.12625pt x 534.99875pt>
File: /Users/francisnewson/Documents/Birmingham/na62/note/working/halo_check/ou
tput/2015-09-03pm/full_merge/upper/h_p_rat.pdf Graphic file (type pdf)

<use /Users/francisnewson/Documents/Birmingham/na62/note/working/halo_check/out
put/2015-09-03pm/full_merge/upper/h_p_rat.pdf>
Package pdftex.def Info: /Users/francisnewson/Documents/Birmingham/na62/note/wo
rking/halo_check/output/2015-09-03pm/full_merge/upper/h_p_rat.pdf used on input
 line 33.
(pdftex.def)             Requested size: 149.37697pt x 140.41885pt.

</Users/francisnewson/Documents/Birmingham/na62/note/working/halo_check/output/
2015-09-03pm/full_merge/upper/h_t.pdf, id=455, 569.12625pt x 534.99875pt>
File: /Users/francisnewson/Documents/Birmingham/na62/note/working/halo_check/ou
tput/2015-09-03pm/full_merge/upper/h_t.pdf Graphic file (type pdf)

<use /Users/francisnewson/Documents/Birmingham/na62/note/working/halo_check/out
put/2015-09-03pm/full_merge/upper/h_t.pdf>
Package pdftex.def Info: /Users/francisnewson/Documents/Birmingham/na62/note/wo
rking/halo_check/output/2015-09-03pm/full_merge/upper/h_t.pdf used on input lin
e 34.
(pdftex.def)             Requested size: 149.37697pt x 140.41885pt.

</Users/francisnewson/Documents/Birmingham/na62/note/working/halo_check/output/
2015-09-03pm/full_merge/upper/h_t_rat.pdf, id=456, 569.12625pt x 534.99875pt>
File: /Users/francisnewson/Documents/Birmingham/na62/note/working/halo_check/ou
tput/2015-09-03pm/full_merge/upper/h_t_rat.pdf Graphic file (type pdf)

<use /Users/francisnewson/Documents/Birmingham/na62/note/working/halo_check/out
put/2015-09-03pm/full_merge/upper/h_t_rat.pdf>
Package pdftex.def Info: /Users/francisnewson/Documents/Birmingham/na62/note/wo
rking/halo_check/output/2015-09-03pm/full_merge/upper/h_t_rat.pdf used on input
 line 35.
(pdftex.def)             Requested size: 149.37697pt x 140.41885pt.

</Users/francisnewson/Documents/Birmingham/na62/note/working/halo_check/output/
2015-09-03pm/full_merge/upper/h_z.pdf, id=457, 569.12625pt x 534.99875pt>
File: /Users/francisnewson/Documents/Birmingham/na62/note/working/halo_check/ou
tput/2015-09-03pm/full_merge/upper/h_z.pdf Graphic file (type pdf)

<use /Users/francisnewson/Documents/Birmingham/na62/note/working/halo_check/out
put/2015-09-03pm/full_merge/upper/h_z.pdf>
Package pdftex.def Info: /Users/francisnewson/Documents/Birmingham/na62/note/wo
rking/halo_check/output/2015-09-03pm/full_merge/upper/h_z.pdf used on input lin
e 36.
(pdftex.def)             Requested size: 149.37697pt x 140.41885pt.

</Users/francisnewson/Documents/Birmingham/na62/note/working/halo_check/output/
2015-09-03pm/full_merge/upper/h_z_rat.pdf, id=458, 569.12625pt x 534.99875pt>
File: /Users/francisnewson/Documents/Birmingham/na62/note/working/halo_check/ou
tput/2015-09-03pm/full_merge/upper/h_z_rat.pdf Graphic file (type pdf)

<use /Users/francisnewson/Documents/Birmingham/na62/note/working/halo_check/out
put/2015-09-03pm/full_merge/upper/h_z_rat.pdf>
Package pdftex.def Info: /Users/francisnewson/Documents/Birmingham/na62/note/wo
rking/halo_check/output/2015-09-03pm/full_merge/upper/h_z_rat.pdf used on input
 line 37.
(pdftex.def)             Requested size: 149.37697pt x 140.41885pt.
 [2

 </Users/francisnewson/Documents/Birmingham/na62/note/working/halo_check/output
/2015-09-03pm/full_merge/upper/h_cda.pdf, page is rotated 90 degrees> </Users/f
rancisnewson/Documents/Birmingham/na62/note/working/halo_check/output/2015-09-0
3pm/full_merge/upper/h_cda_rat.pdf, page is rotated 90 degrees> </Users/francis
newson/Documents/Birmingham/na62/note/working/halo_check/output/2015-09-03pm/fu
ll_merge/upper/h_m2m_kmu.pdf, page is rotated 90 degrees> </Users/francisnewson
/Documents/Birmingham/na62/note/working/halo_check/output/2015-09-03pm/full_mer
ge/upper/h_m2m_kmu_rat.pdf, page is rotated 90 degrees> </Users/francisnewson/D
ocuments/Birmingham/na62/note/working/halo_check/output/2015-09-03pm/full_merge
/upper/h_p.pdf, page is rotated 90 degrees> </Users/francisnewson/Documents/Bir
mingham/na62/note/working/halo_check/output/2015-09-03pm/full_merge/upper/h_p_r
at.pdf, page is rotated 90 degrees> </Users/francisnewson/Documents/Birmingham/
na62/note/working/halo_check/output/2015-09-03pm/full_merge/upper/h_t.pdf, page
 is rotated 90 degrees> </Users/francisnewson/Documents/Birmingham/na62/note/wo
rking/halo_check/output/2015-09-03pm/full_merge/upper/h_t_rat.pdf, page is rota
ted 90 degrees> </Users/francisnewson/Documents/Birmingham/na62/note/working/ha
lo_check/output/2015-09-03pm/full_merge/upper/h_z.pdf, page is rotated 90 degre
es> </Users/francisnewson/Documents/Birmingham/na62/note/working/halo_check/out
put/2015-09-03pm/full_merge/upper/h_z_rat.pdf, page is rotated 90 degrees>]
</Users/francisnewson/Documents/Birmingham/na62/note/working/halo_check/output/
2015-09-03pm/full_merge/lower/h_cda.pdf, id=894, 569.12625pt x 534.99875pt>
File: /Users/francisnewson/Documents/Birmingham/na62/note/working/halo_check/ou
tput/2015-09-03pm/full_merge/lower/h_cda.pdf Graphic file (type pdf)

<use /Users/francisnewson/Documents/Birmingham/na62/note/working/halo_check/out
put/2015-09-03pm/full_merge/lower/h_cda.pdf>
Package pdftex.def Info: /Users/francisnewson/Documents/Birmingham/na62/note/wo
rking/halo_check/output/2015-09-03pm/full_merge/lower/h_cda.pdf used on input l
ine 46.
(pdftex.def)             Requested size: 149.37697pt x 140.41885pt.

</Users/francisnewson/Documents/Birmingham/na62/note/working/halo_check/output/
2015-09-03pm/full_merge/lower/h_cda_rat.pdf, id=895, 569.12625pt x 534.99875pt>
File: /Users/francisnewson/Documents/Birmingham/na62/note/working/halo_check/ou
tput/2015-09-03pm/full_merge/lower/h_cda_rat.pdf Graphic file (type pdf)

<use /Users/francisnewson/Documents/Birmingham/na62/note/working/halo_check/out
put/2015-09-03pm/full_merge/lower/h_cda_rat.pdf>
Package pdftex.def Info: /Users/francisnewson/Documents/Birmingham/na62/note/wo
rking/halo_check/output/2015-09-03pm/full_merge/lower/h_cda_rat.pdf used on inp
ut line 47.
(pdftex.def)             Requested size: 149.37697pt x 140.41885pt.

</Users/francisnewson/Documents/Birmingham/na62/note/working/halo_check/output/
2015-09-03pm/full_merge/lower/h_m2m_kmu.pdf, id=896, 569.12625pt x 534.99875pt>
File: /Users/francisnewson/Documents/Birmingham/na62/note/working/halo_check/ou
tput/2015-09-03pm/full_merge/lower/h_m2m_kmu.pdf Graphic file (type pdf)

<use /Users/francisnewson/Documents/Birmingham/na62/note/working/halo_check/out
put/2015-09-03pm/full_merge/lower/h_m2m_kmu.pdf>
Package pdftex.def Info: /Users/francisnewson/Documents/Birmingham/na62/note/wo
rking/halo_check/output/2015-09-03pm/full_merge/lower/h_m2m_kmu.pdf used on inp
ut line 48.
(pdftex.def)             Requested size: 149.37697pt x 140.41885pt.

</Users/francisnewson/Documents/Birmingham/na62/note/working/halo_check/output/
2015-09-03pm/full_merge/lower/h_m2m_kmu_rat.pdf, id=897, 569.12625pt x 534.9987
5pt>
File: /Users/francisnewson/Documents/Birmingham/na62/note/working/halo_check/ou
tput/2015-09-03pm/full_merge/lower/h_m2m_kmu_rat.pdf Graphic file (type pdf)

<use /Users/francisnewson/Documents/Birmingham/na62/note/working/halo_check/out
put/2015-09-03pm/full_merge/lower/h_m2m_kmu_rat.pdf>
Package pdftex.def Info: /Users/francisnewson/Documents/Birmingham/na62/note/wo
rking/halo_check/output/2015-09-03pm/full_merge/lower/h_m2m_kmu_rat.pdf used on
 input line 49.
(pdftex.def)             Requested size: 149.37697pt x 140.41885pt.

</Users/francisnewson/Documents/Birmingham/na62/note/working/halo_check/output/
2015-09-03pm/full_merge/lower/h_p.pdf, id=898, 569.12625pt x 534.99875pt>
File: /Users/francisnewson/Documents/Birmingham/na62/note/working/halo_check/ou
tput/2015-09-03pm/full_merge/lower/h_p.pdf Graphic file (type pdf)

<use /Users/francisnewson/Documents/Birmingham/na62/note/working/halo_check/out
put/2015-09-03pm/full_merge/lower/h_p.pdf>
Package pdftex.def Info: /Users/francisnewson/Documents/Birmingham/na62/note/wo
rking/halo_check/output/2015-09-03pm/full_merge/lower/h_p.pdf used on input lin
e 50.
(pdftex.def)             Requested size: 149.37697pt x 140.41885pt.

</Users/francisnewson/Documents/Birmingham/na62/note/working/halo_check/output/
2015-09-03pm/full_merge/lower/h_p_rat.pdf, id=899, 569.12625pt x 534.99875pt>
File: /Users/francisnewson/Documents/Birmingham/na62/note/working/halo_check/ou
tput/2015-09-03pm/full_merge/lower/h_p_rat.pdf Graphic file (type pdf)

<use /Users/francisnewson/Documents/Birmingham/na62/note/working/halo_check/out
put/2015-09-03pm/full_merge/lower/h_p_rat.pdf>
Package pdftex.def Info: /Users/francisnewson/Documents/Birmingham/na62/note/wo
rking/halo_check/output/2015-09-03pm/full_merge/lower/h_p_rat.pdf used on input
 line 51.
(pdftex.def)             Requested size: 149.37697pt x 140.41885pt.

</Users/francisnewson/Documents/Birmingham/na62/note/working/halo_check/output/
2015-09-03pm/full_merge/lower/h_t.pdf, id=900, 569.12625pt x 534.99875pt>
File: /Users/francisnewson/Documents/Birmingham/na62/note/working/halo_check/ou
tput/2015-09-03pm/full_merge/lower/h_t.pdf Graphic file (type pdf)

<use /Users/francisnewson/Documents/Birmingham/na62/note/working/halo_check/out
put/2015-09-03pm/full_merge/lower/h_t.pdf>
Package pdftex.def Info: /Users/francisnewson/Documents/Birmingham/na62/note/wo
rking/halo_check/output/2015-09-03pm/full_merge/lower/h_t.pdf used on input lin
e 52.
(pdftex.def)             Requested size: 149.37697pt x 140.41885pt.

</Users/francisnewson/Documents/Birmingham/na62/note/working/halo_check/output/
2015-09-03pm/full_merge/lower/h_t_rat.pdf, id=901, 569.12625pt x 534.99875pt>
File: /Users/francisnewson/Documents/Birmingham/na62/note/working/halo_check/ou
tput/2015-09-03pm/full_merge/lower/h_t_rat.pdf Graphic file (type pdf)

<use /Users/francisnewson/Documents/Birmingham/na62/note/working/halo_check/out
put/2015-09-03pm/full_merge/lower/h_t_rat.pdf>
Package pdftex.def Info: /Users/francisnewson/Documents/Birmingham/na62/note/wo
rking/halo_check/output/2015-09-03pm/full_merge/lower/h_t_rat.pdf used on input
 line 53.
(pdftex.def)             Requested size: 149.37697pt x 140.41885pt.

</Users/francisnewson/Documents/Birmingham/na62/note/working/halo_check/output/
2015-09-03pm/full_merge/lower/h_z.pdf, id=902, 569.12625pt x 534.99875pt>
File: /Users/francisnewson/Documents/Birmingham/na62/note/working/halo_check/ou
tput/2015-09-03pm/full_merge/lower/h_z.pdf Graphic file (type pdf)

<use /Users/francisnewson/Documents/Birmingham/na62/note/working/halo_check/out
put/2015-09-03pm/full_merge/lower/h_z.pdf>
Package pdftex.def Info: /Users/francisnewson/Documents/Birmingham/na62/note/wo
rking/halo_check/output/2015-09-03pm/full_merge/lower/h_z.pdf used on input lin
e 54.
(pdftex.def)             Requested size: 149.37697pt x 140.41885pt.

</Users/francisnewson/Documents/Birmingham/na62/note/working/halo_check/output/
2015-09-03pm/full_merge/lower/h_z_rat.pdf, id=903, 569.12625pt x 534.99875pt>
File: /Users/francisnewson/Documents/Birmingham/na62/note/working/halo_check/ou
tput/2015-09-03pm/full_merge/lower/h_z_rat.pdf Graphic file (type pdf)

<use /Users/francisnewson/Documents/Birmingham/na62/note/working/halo_check/out
put/2015-09-03pm/full_merge/lower/h_z_rat.pdf>
Package pdftex.def Info: /Users/francisnewson/Documents/Birmingham/na62/note/wo
rking/halo_check/output/2015-09-03pm/full_merge/lower/h_z_rat.pdf used on input
 line 55.
(pdftex.def)             Requested size: 149.37697pt x 140.41885pt.
 [3

 </Users/francisnewson/Documents/Birmingham/na62/note/working/halo_check/output
/2015-09-03pm/full_merge/lower/h_cda.pdf, page is rotated 90 degrees> </Users/f
rancisnewson/Documents/Birmingham/na62/note/working/halo_check/output/2015-09-0
3pm/full_merge/lower/h_cda_rat.pdf, page is rotated 90 degrees> </Users/francis
newson/Documents/Birmingham/na62/note/working/halo_check/output/2015-09-03pm/fu
ll_merge/lower/h_m2m_kmu.pdf, page is rotated 90 degrees> </Users/francisnewson
/Documents/Birmingham/na62/note/working/halo_check/output/2015-09-03pm/full_mer
ge/lower/h_m2m_kmu_rat.pdf> </Users/francisnewson/Documents/Birmingham/na62/not
e/working/halo_check/output/2015-09-03pm/full_merge/lower/h_p.pdf, page is rota
ted 90 degrees> </Users/francisnewson/Documents/Birmingham/na62/note/working/ha
lo_check/output/2015-09-03pm/full_merge/lower/h_p_rat.pdf, page is rotated 90 d
egrees> </Users/francisnewson/Documents/Birmingham/na62/note/working/halo_check
/output/2015-09-03pm/full_merge/lower/h_t.pdf, page is rotated 90 degrees> </Us
ers/francisnewson/Documents/Birmingham/na62/note/working/halo_check/output/2015
-09-03pm/full_merge/lower/h_t_rat.pdf, page is rotated 90 degrees> </Users/fran
cisnewson/Documents/Birmingham/na62/note/working/halo_check/output/2015-09-03pm
/full_merge/lower/h_z.pdf, page is rotated 90 degrees> </Users/francisnewson/Do
cuments/Birmingham/na62/note/working/halo_check/output/2015-09-03pm/full_merge/
lower/h_z_rat.pdf, page is rotated 90 degrees>]
</Users/francisnewson/Documents/Birmingham/na62/note/working/halo_check/output/
2015-09-03pm/neg_merge/all/h_cda.pdf, id=1314, 569.12625pt x 534.99875pt>
File: /Users/francisnewson/Documents/Birmingham/na62/note/working/halo_check/ou
tput/2015-09-03pm/neg_merge/all/h_cda.pdf Graphic file (type pdf)

<use /Users/francisnewson/Documents/Birmingham/na62/note/working/halo_check/out
put/2015-09-03pm/neg_merge/all/h_cda.pdf>
Package pdftex.def Info: /Users/francisnewson/Documents/Birmingham/na62/note/wo
rking/halo_check/output/2015-09-03pm/neg_merge/all/h_cda.pdf used on input line
 64.
(pdftex.def)             Requested size: 149.37697pt x 140.41885pt.

</Users/francisnewson/Documents/Birmingham/na62/note/working/halo_check/output/
2015-09-03pm/neg_merge/all/h_cda_rat.pdf, id=1315, 569.12625pt x 534.99875pt>
File: /Users/francisnewson/Documents/Birmingham/na62/note/working/halo_check/ou
tput/2015-09-03pm/neg_merge/all/h_cda_rat.pdf Graphic file (type pdf)

<use /Users/francisnewson/Documents/Birmingham/na62/note/working/halo_check/out
put/2015-09-03pm/neg_merge/all/h_cda_rat.pdf>
Package pdftex.def Info: /Users/francisnewson/Documents/Birmingham/na62/note/wo
rking/halo_check/output/2015-09-03pm/neg_merge/all/h_cda_rat.pdf used on input 
line 65.
(pdftex.def)             Requested size: 149.37697pt x 140.41885pt.

</Users/francisnewson/Documents/Birmingham/na62/note/working/halo_check/output/
2015-09-03pm/neg_merge/all/h_m2m_kmu.pdf, id=1316, 569.12625pt x 534.99875pt>
File: /Users/francisnewson/Documents/Birmingham/na62/note/working/halo_check/ou
tput/2015-09-03pm/neg_merge/all/h_m2m_kmu.pdf Graphic file (type pdf)

<use /Users/francisnewson/Documents/Birmingham/na62/note/working/halo_check/out
put/2015-09-03pm/neg_merge/all/h_m2m_kmu.pdf>
Package pdftex.def Info: /Users/francisnewson/Documents/Birmingham/na62/note/wo
rking/halo_check/output/2015-09-03pm/neg_merge/all/h_m2m_kmu.pdf used on input 
line 66.
(pdftex.def)             Requested size: 149.37697pt x 140.41885pt.

</Users/francisnewson/Documents/Birmingham/na62/note/working/halo_check/output/
2015-09-03pm/neg_merge/all/h_m2m_kmu_rat.pdf, id=1317, 569.12625pt x 534.99875p
t>
File: /Users/francisnewson/Documents/Birmingham/na62/note/working/halo_check/ou
tput/2015-09-03pm/neg_merge/all/h_m2m_kmu_rat.pdf Graphic file (type pdf)

<use /Users/francisnewson/Documents/Birmingham/na62/note/working/halo_check/out
put/2015-09-03pm/neg_merge/all/h_m2m_kmu_rat.pdf>
Package pdftex.def Info: /Users/francisnewson/Documents/Birmingham/na62/note/wo
rking/halo_check/output/2015-09-03pm/neg_merge/all/h_m2m_kmu_rat.pdf used on in
put line 67.
(pdftex.def)             Requested size: 149.37697pt x 140.41885pt.

</Users/francisnewson/Documents/Birmingham/na62/note/working/halo_check/output/
2015-09-03pm/neg_merge/all/h_p.pdf, id=1318, 569.12625pt x 534.99875pt>
File: /Users/francisnewson/Documents/Birmingham/na62/note/working/halo_check/ou
tput/2015-09-03pm/neg_merge/all/h_p.pdf Graphic file (type pdf)

<use /Users/francisnewson/Documents/Birmingham/na62/note/working/halo_check/out
put/2015-09-03pm/neg_merge/all/h_p.pdf>
Package pdftex.def Info: /Users/francisnewson/Documents/Birmingham/na62/note/wo
rking/halo_check/output/2015-09-03pm/neg_merge/all/h_p.pdf used on input line 6
8.
(pdftex.def)             Requested size: 149.37697pt x 140.41885pt.

</Users/francisnewson/Documents/Birmingham/na62/note/working/halo_check/output/
2015-09-03pm/neg_merge/all/h_p_rat.pdf, id=1319, 569.12625pt x 534.99875pt>
File: /Users/francisnewson/Documents/Birmingham/na62/note/working/halo_check/ou
tput/2015-09-03pm/neg_merge/all/h_p_rat.pdf Graphic file (type pdf)

<use /Users/francisnewson/Documents/Birmingham/na62/note/working/halo_check/out
put/2015-09-03pm/neg_merge/all/h_p_rat.pdf>
Package pdftex.def Info: /Users/francisnewson/Documents/Birmingham/na62/note/wo
rking/halo_check/output/2015-09-03pm/neg_merge/all/h_p_rat.pdf used on input li
ne 69.
(pdftex.def)             Requested size: 149.37697pt x 140.41885pt.

</Users/francisnewson/Documents/Birmingham/na62/note/working/halo_check/output/
2015-09-03pm/neg_merge/all/h_t.pdf, id=1320, 569.12625pt x 534.99875pt>
File: /Users/francisnewson/Documents/Birmingham/na62/note/working/halo_check/ou
tput/2015-09-03pm/neg_merge/all/h_t.pdf Graphic file (type pdf)

<use /Users/francisnewson/Documents/Birmingham/na62/note/working/halo_check/out
put/2015-09-03pm/neg_merge/all/h_t.pdf>
Package pdftex.def Info: /Users/francisnewson/Documents/Birmingham/na62/note/wo
rking/halo_check/output/2015-09-03pm/neg_merge/all/h_t.pdf used on input line 7
0.
(pdftex.def)             Requested size: 149.37697pt x 140.41885pt.

</Users/francisnewson/Documents/Birmingham/na62/note/working/halo_check/output/
2015-09-03pm/neg_merge/all/h_t_rat.pdf, id=1321, 569.12625pt x 534.99875pt>
File: /Users/francisnewson/Documents/Birmingham/na62/note/working/halo_check/ou
tput/2015-09-03pm/neg_merge/all/h_t_rat.pdf Graphic file (type pdf)

<use /Users/francisnewson/Documents/Birmingham/na62/note/working/halo_check/out
put/2015-09-03pm/neg_merge/all/h_t_rat.pdf>
Package pdftex.def Info: /Users/francisnewson/Documents/Birmingham/na62/note/wo
rking/halo_check/output/2015-09-03pm/neg_merge/all/h_t_rat.pdf used on input li
ne 71.
(pdftex.def)             Requested size: 149.37697pt x 140.41885pt.

</Users/francisnewson/Documents/Birmingham/na62/note/working/halo_check/output/
2015-09-03pm/neg_merge/all/h_z.pdf, id=1322, 569.12625pt x 534.99875pt>
File: /Users/francisnewson/Documents/Birmingham/na62/note/working/halo_check/ou
tput/2015-09-03pm/neg_merge/all/h_z.pdf Graphic file (type pdf)

<use /Users/francisnewson/Documents/Birmingham/na62/note/working/halo_check/out
put/2015-09-03pm/neg_merge/all/h_z.pdf>
Package pdftex.def Info: /Users/francisnewson/Documents/Birmingham/na62/note/wo
rking/halo_check/output/2015-09-03pm/neg_merge/all/h_z.pdf used on input line 7
2.
(pdftex.def)             Requested size: 149.37697pt x 140.41885pt.

</Users/francisnewson/Documents/Birmingham/na62/note/working/halo_check/output/
2015-09-03pm/neg_merge/all/h_z_rat.pdf, id=1323, 569.12625pt x 534.99875pt>
File: /Users/francisnewson/Documents/Birmingham/na62/note/working/halo_check/ou
tput/2015-09-03pm/neg_merge/all/h_z_rat.pdf Graphic file (type pdf)

<use /Users/francisnewson/Documents/Birmingham/na62/note/working/halo_check/out
put/2015-09-03pm/neg_merge/all/h_z_rat.pdf>
Package pdftex.def Info: /Users/francisnewson/Documents/Birmingham/na62/note/wo
rking/halo_check/output/2015-09-03pm/neg_merge/all/h_z_rat.pdf used on input li
ne 73.
(pdftex.def)             Requested size: 149.37697pt x 140.41885pt.
 [4

 </Users/francisnewson/Documents/Birmingham/na62/note/working/halo_check/output
/2015-09-03pm/neg_merge/all/h_cda.pdf, page is rotated 90 degrees> </Users/fran
cisnewson/Documents/Birmingham/na62/note/working/halo_check/output/2015-09-03pm
/neg_merge/all/h_cda_rat.pdf, page is rotated 90 degrees> </Users/francisnewson
/Documents/Birmingham/na62/note/working/halo_check/output/2015-09-03pm/neg_merg
e/all/h_m2m_kmu.pdf, page is rotated 90 degrees> </Users/francisnewson/Document
s/Birmingham/na62/note/working/halo_check/output/2015-09-03pm/neg_merge/all/h_m
2m_kmu_rat.pdf, page is rotated 90 degrees> </Users/francisnewson/Documents/Bir
mingham/na62/note/working/halo_check/output/2015-09-03pm/neg_merge/all/h_p.pdf,
 page is rotated 90 degrees> </Users/francisnewson/Documents/Birmingham/na62/no
te/working/halo_check/output/2015-09-03pm/neg_merge/all/h_p_rat.pdf, page is ro
tated 90 degrees> </Users/francisnewson/Documents/Birmingham/na62/note/working/
halo_check/output/2015-09-03pm/neg_merge/all/h_t.pdf, page is rotated 90 degree
s> </Users/francisnewson/Documents/Birmingham/na62/note/working/halo_check/outp
ut/2015-09-03pm/neg_merge/all/h_t_rat.pdf, page is rotated 90 degrees> </Users/
francisnewson/Documents/Birmingham/na62/note/working/halo_check/output/2015-09-
03pm/neg_merge/all/h_z.pdf, page is rotated 90 degrees> </Users/francisnewson/D
ocuments/Birmingham/na62/note/working/halo_check/output/2015-09-03pm/neg_merge/
all/h_z_rat.pdf, page is rotated 90 degrees>]
</Users/francisnewson/Documents/Birmingham/na62/note/working/halo_check/output/
2015-09-03pm/neg_merge/upper/h_cda.pdf, id=1759, 569.12625pt x 534.99875pt>
File: /Users/francisnewson/Documents/Birmingham/na62/note/working/halo_check/ou
tput/2015-09-03pm/neg_merge/upper/h_cda.pdf Graphic file (type pdf)

<use /Users/francisnewson/Documents/Birmingham/na62/note/working/halo_check/out
put/2015-09-03pm/neg_merge/upper/h_cda.pdf>
Package pdftex.def Info: /Users/francisnewson/Documents/Birmingham/na62/note/wo
rking/halo_check/output/2015-09-03pm/neg_merge/upper/h_cda.pdf used on input li
ne 82.
(pdftex.def)             Requested size: 149.37697pt x 140.41885pt.

</Users/francisnewson/Documents/Birmingham/na62/note/working/halo_check/output/
2015-09-03pm/neg_merge/upper/h_cda_rat.pdf, id=1760, 569.12625pt x 534.99875pt>
File: /Users/francisnewson/Documents/Birmingham/na62/note/working/halo_check/ou
tput/2015-09-03pm/neg_merge/upper/h_cda_rat.pdf Graphic file (type pdf)

<use /Users/francisnewson/Documents/Birmingham/na62/note/working/halo_check/out
put/2015-09-03pm/neg_merge/upper/h_cda_rat.pdf>
Package pdftex.def Info: /Users/francisnewson/Documents/Birmingham/na62/note/wo
rking/halo_check/output/2015-09-03pm/neg_merge/upper/h_cda_rat.pdf used on inpu
t line 83.
(pdftex.def)             Requested size: 149.37697pt x 140.41885pt.

</Users/francisnewson/Documents/Birmingham/na62/note/working/halo_check/output/
2015-09-03pm/neg_merge/upper/h_m2m_kmu.pdf, id=1761, 569.12625pt x 534.99875pt>
File: /Users/francisnewson/Documents/Birmingham/na62/note/working/halo_check/ou
tput/2015-09-03pm/neg_merge/upper/h_m2m_kmu.pdf Graphic file (type pdf)

<use /Users/francisnewson/Documents/Birmingham/na62/note/working/halo_check/out
put/2015-09-03pm/neg_merge/upper/h_m2m_kmu.pdf>
Package pdftex.def Info: /Users/francisnewson/Documents/Birmingham/na62/note/wo
rking/halo_check/output/2015-09-03pm/neg_merge/upper/h_m2m_kmu.pdf used on inpu
t line 84.
(pdftex.def)             Requested size: 149.37697pt x 140.41885pt.

</Users/francisnewson/Documents/Birmingham/na62/note/working/halo_check/output/
2015-09-03pm/neg_merge/upper/h_m2m_kmu_rat.pdf, id=1762, 569.12625pt x 534.9987
5pt>
File: /Users/francisnewson/Documents/Birmingham/na62/note/working/halo_check/ou
tput/2015-09-03pm/neg_merge/upper/h_m2m_kmu_rat.pdf Graphic file (type pdf)

<use /Users/francisnewson/Documents/Birmingham/na62/note/working/halo_check/out
put/2015-09-03pm/neg_merge/upper/h_m2m_kmu_rat.pdf>
Package pdftex.def Info: /Users/francisnewson/Documents/Birmingham/na62/note/wo
rking/halo_check/output/2015-09-03pm/neg_merge/upper/h_m2m_kmu_rat.pdf used on 
input line 85.
(pdftex.def)             Requested size: 149.37697pt x 140.41885pt.

</Users/francisnewson/Documents/Birmingham/na62/note/working/halo_check/output/
2015-09-03pm/neg_merge/upper/h_p.pdf, id=1763, 569.12625pt x 534.99875pt>
File: /Users/francisnewson/Documents/Birmingham/na62/note/working/halo_check/ou
tput/2015-09-03pm/neg_merge/upper/h_p.pdf Graphic file (type pdf)

<use /Users/francisnewson/Documents/Birmingham/na62/note/working/halo_check/out
put/2015-09-03pm/neg_merge/upper/h_p.pdf>
Package pdftex.def Info: /Users/francisnewson/Documents/Birmingham/na62/note/wo
rking/halo_check/output/2015-09-03pm/neg_merge/upper/h_p.pdf used on input line
 86.
(pdftex.def)             Requested size: 149.37697pt x 140.41885pt.

</Users/francisnewson/Documents/Birmingham/na62/note/working/halo_check/output/
2015-09-03pm/neg_merge/upper/h_p_rat.pdf, id=1764, 569.12625pt x 534.99875pt>
File: /Users/francisnewson/Documents/Birmingham/na62/note/working/halo_check/ou
tput/2015-09-03pm/neg_merge/upper/h_p_rat.pdf Graphic file (type pdf)

<use /Users/francisnewson/Documents/Birmingham/na62/note/working/halo_check/out
put/2015-09-03pm/neg_merge/upper/h_p_rat.pdf>
Package pdftex.def Info: /Users/francisnewson/Documents/Birmingham/na62/note/wo
rking/halo_check/output/2015-09-03pm/neg_merge/upper/h_p_rat.pdf used on input 
line 87.
(pdftex.def)             Requested size: 149.37697pt x 140.41885pt.

</Users/francisnewson/Documents/Birmingham/na62/note/working/halo_check/output/
2015-09-03pm/neg_merge/upper/h_t.pdf, id=1765, 569.12625pt x 534.99875pt>
File: /Users/francisnewson/Documents/Birmingham/na62/note/working/halo_check/ou
tput/2015-09-03pm/neg_merge/upper/h_t.pdf Graphic file (type pdf)

<use /Users/francisnewson/Documents/Birmingham/na62/note/working/halo_check/out
put/2015-09-03pm/neg_merge/upper/h_t.pdf>
Package pdftex.def Info: /Users/francisnewson/Documents/Birmingham/na62/note/wo
rking/halo_check/output/2015-09-03pm/neg_merge/upper/h_t.pdf used on input line
 88.
(pdftex.def)             Requested size: 149.37697pt x 140.41885pt.

</Users/francisnewson/Documents/Birmingham/na62/note/working/halo_check/output/
2015-09-03pm/neg_merge/upper/h_t_rat.pdf, id=1766, 569.12625pt x 534.99875pt>
File: /Users/francisnewson/Documents/Birmingham/na62/note/working/halo_check/ou
tput/2015-09-03pm/neg_merge/upper/h_t_rat.pdf Graphic file (type pdf)

<use /Users/francisnewson/Documents/Birmingham/na62/note/working/halo_check/out
put/2015-09-03pm/neg_merge/upper/h_t_rat.pdf>
Package pdftex.def Info: /Users/francisnewson/Documents/Birmingham/na62/note/wo
rking/halo_check/output/2015-09-03pm/neg_merge/upper/h_t_rat.pdf used on input 
line 89.
(pdftex.def)             Requested size: 149.37697pt x 140.41885pt.

</Users/francisnewson/Documents/Birmingham/na62/note/working/halo_check/output/
2015-09-03pm/neg_merge/upper/h_z.pdf, id=1767, 569.12625pt x 534.99875pt>
File: /Users/francisnewson/Documents/Birmingham/na62/note/working/halo_check/ou
tput/2015-09-03pm/neg_merge/upper/h_z.pdf Graphic file (type pdf)

<use /Users/francisnewson/Documents/Birmingham/na62/note/working/halo_check/out
put/2015-09-03pm/neg_merge/upper/h_z.pdf>
Package pdftex.def Info: /Users/francisnewson/Documents/Birmingham/na62/note/wo
rking/halo_check/output/2015-09-03pm/neg_merge/upper/h_z.pdf used on input line
 90.
(pdftex.def)             Requested size: 149.37697pt x 140.41885pt.

</Users/francisnewson/Documents/Birmingham/na62/note/working/halo_check/output/
2015-09-03pm/neg_merge/upper/h_z_rat.pdf, id=1768, 569.12625pt x 534.99875pt>
File: /Users/francisnewson/Documents/Birmingham/na62/note/working/halo_check/ou
tput/2015-09-03pm/neg_merge/upper/h_z_rat.pdf Graphic file (type pdf)

<use /Users/francisnewson/Documents/Birmingham/na62/note/working/halo_check/out
put/2015-09-03pm/neg_merge/upper/h_z_rat.pdf>
Package pdftex.def Info: /Users/francisnewson/Documents/Birmingham/na62/note/wo
rking/halo_check/output/2015-09-03pm/neg_merge/upper/h_z_rat.pdf used on input 
line 91.
(pdftex.def)             Requested size: 149.37697pt x 140.41885pt.
 [5

 </Users/francisnewson/Documents/Birmingham/na62/note/working/halo_check/output
/2015-09-03pm/neg_merge/upper/h_cda.pdf, page is rotated 90 degrees> </Users/fr
ancisnewson/Documents/Birmingham/na62/note/working/halo_check/output/2015-09-03
pm/neg_merge/upper/h_cda_rat.pdf, page is rotated 90 degrees> </Users/francisne
wson/Documents/Birmingham/na62/note/working/halo_check/output/2015-09-03pm/neg_
merge/upper/h_m2m_kmu.pdf, page is rotated 90 degrees> </Users/francisnewson/Do
cuments/Birmingham/na62/note/working/halo_check/output/2015-09-03pm/neg_merge/u
pper/h_m2m_kmu_rat.pdf, page is rotated 90 degrees> </Users/francisnewson/Docum
ents/Birmingham/na62/note/working/halo_check/output/2015-09-03pm/neg_merge/uppe
r/h_p.pdf, page is rotated 90 degrees> </Users/francisnewson/Documents/Birmingh
am/na62/note/working/halo_check/output/2015-09-03pm/neg_merge/upper/h_p_rat.pdf
, page is rotated 90 degrees> </Users/francisnewson/Documents/Birmingham/na62/n
ote/working/halo_check/output/2015-09-03pm/neg_merge/upper/h_t.pdf, page is rot
ated 90 degrees> </Users/francisnewson/Documents/Birmingham/na62/note/working/h
alo_check/output/2015-09-03pm/neg_merge/upper/h_t_rat.pdf, page is rotated 90 d
egrees> </Users/francisnewson/Documents/Birmingham/na62/note/working/halo_check
/output/2015-09-03pm/neg_merge/upper/h_z.pdf, page is rotated 90 degrees> </Use
rs/francisnewson/Documents/Birmingham/na62/note/working/halo_check/output/2015-
09-03pm/neg_merge/upper/h_z_rat.pdf, page is rotated 90 degrees>]
</Users/francisnewson/Documents/Birmingham/na62/note/working/halo_check/output/
2015-09-03pm/neg_merge/lower/h_cda.pdf, id=2204, 569.12625pt x 534.99875pt>
File: /Users/francisnewson/Documents/Birmingham/na62/note/working/halo_check/ou
tput/2015-09-03pm/neg_merge/lower/h_cda.pdf Graphic file (type pdf)

<use /Users/francisnewson/Documents/Birmingham/na62/note/working/halo_check/out
put/2015-09-03pm/neg_merge/lower/h_cda.pdf>
Package pdftex.def Info: /Users/francisnewson/Documents/Birmingham/na62/note/wo
rking/halo_check/output/2015-09-03pm/neg_merge/lower/h_cda.pdf used on input li
ne 100.
(pdftex.def)             Requested size: 149.37697pt x 140.41885pt.

</Users/francisnewson/Documents/Birmingham/na62/note/working/halo_check/output/
2015-09-03pm/neg_merge/lower/h_cda_rat.pdf, id=2205, 569.12625pt x 534.99875pt>
File: /Users/francisnewson/Documents/Birmingham/na62/note/working/halo_check/ou
tput/2015-09-03pm/neg_merge/lower/h_cda_rat.pdf Graphic file (type pdf)

<use /Users/francisnewson/Documents/Birmingham/na62/note/working/halo_check/out
put/2015-09-03pm/neg_merge/lower/h_cda_rat.pdf>
Package pdftex.def Info: /Users/francisnewson/Documents/Birmingham/na62/note/wo
rking/halo_check/output/2015-09-03pm/neg_merge/lower/h_cda_rat.pdf used on inpu
t line 101.
(pdftex.def)             Requested size: 149.37697pt x 140.41885pt.

</Users/francisnewson/Documents/Birmingham/na62/note/working/halo_check/output/
2015-09-03pm/neg_merge/lower/h_m2m_kmu.pdf, id=2206, 569.12625pt x 534.99875pt>
File: /Users/francisnewson/Documents/Birmingham/na62/note/working/halo_check/ou
tput/2015-09-03pm/neg_merge/lower/h_m2m_kmu.pdf Graphic file (type pdf)

<use /Users/francisnewson/Documents/Birmingham/na62/note/working/halo_check/out
put/2015-09-03pm/neg_merge/lower/h_m2m_kmu.pdf>
Package pdftex.def Info: /Users/francisnewson/Documents/Birmingham/na62/note/wo
rking/halo_check/output/2015-09-03pm/neg_merge/lower/h_m2m_kmu.pdf used on inpu
t line 102.
(pdftex.def)             Requested size: 149.37697pt x 140.41885pt.

</Users/francisnewson/Documents/Birmingham/na62/note/working/halo_check/output/
2015-09-03pm/neg_merge/lower/h_m2m_kmu_rat.pdf, id=2207, 569.12625pt x 534.9987
5pt>
File: /Users/francisnewson/Documents/Birmingham/na62/note/working/halo_check/ou
tput/2015-09-03pm/neg_merge/lower/h_m2m_kmu_rat.pdf Graphic file (type pdf)

<use /Users/francisnewson/Documents/Birmingham/na62/note/working/halo_check/out
put/2015-09-03pm/neg_merge/lower/h_m2m_kmu_rat.pdf>
Package pdftex.def Info: /Users/francisnewson/Documents/Birmingham/na62/note/wo
rking/halo_check/output/2015-09-03pm/neg_merge/lower/h_m2m_kmu_rat.pdf used on 
input line 103.
(pdftex.def)             Requested size: 149.37697pt x 140.41885pt.

</Users/francisnewson/Documents/Birmingham/na62/note/working/halo_check/output/
2015-09-03pm/neg_merge/lower/h_p.pdf, id=2208, 569.12625pt x 534.99875pt>
File: /Users/francisnewson/Documents/Birmingham/na62/note/working/halo_check/ou
tput/2015-09-03pm/neg_merge/lower/h_p.pdf Graphic file (type pdf)

<use /Users/francisnewson/Documents/Birmingham/na62/note/working/halo_check/out
put/2015-09-03pm/neg_merge/lower/h_p.pdf>
Package pdftex.def Info: /Users/francisnewson/Documents/Birmingham/na62/note/wo
rking/halo_check/output/2015-09-03pm/neg_merge/lower/h_p.pdf used on input line
 104.
(pdftex.def)             Requested size: 149.37697pt x 140.41885pt.

</Users/francisnewson/Documents/Birmingham/na62/note/working/halo_check/output/
2015-09-03pm/neg_merge/lower/h_p_rat.pdf, id=2209, 569.12625pt x 534.99875pt>
File: /Users/francisnewson/Documents/Birmingham/na62/note/working/halo_check/ou
tput/2015-09-03pm/neg_merge/lower/h_p_rat.pdf Graphic file (type pdf)

<use /Users/francisnewson/Documents/Birmingham/na62/note/working/halo_check/out
put/2015-09-03pm/neg_merge/lower/h_p_rat.pdf>
Package pdftex.def Info: /Users/francisnewson/Documents/Birmingham/na62/note/wo
rking/halo_check/output/2015-09-03pm/neg_merge/lower/h_p_rat.pdf used on input 
line 105.
(pdftex.def)             Requested size: 149.37697pt x 140.41885pt.

</Users/francisnewson/Documents/Birmingham/na62/note/working/halo_check/output/
2015-09-03pm/neg_merge/lower/h_t.pdf, id=2210, 569.12625pt x 534.99875pt>
File: /Users/francisnewson/Documents/Birmingham/na62/note/working/halo_check/ou
tput/2015-09-03pm/neg_merge/lower/h_t.pdf Graphic file (type pdf)

<use /Users/francisnewson/Documents/Birmingham/na62/note/working/halo_check/out
put/2015-09-03pm/neg_merge/lower/h_t.pdf>
Package pdftex.def Info: /Users/francisnewson/Documents/Birmingham/na62/note/wo
rking/halo_check/output/2015-09-03pm/neg_merge/lower/h_t.pdf used on input line
 106.
(pdftex.def)             Requested size: 149.37697pt x 140.41885pt.

</Users/francisnewson/Documents/Birmingham/na62/note/working/halo_check/output/
2015-09-03pm/neg_merge/lower/h_t_rat.pdf, id=2211, 569.12625pt x 534.99875pt>
File: /Users/francisnewson/Documents/Birmingham/na62/note/working/halo_check/ou
tput/2015-09-03pm/neg_merge/lower/h_t_rat.pdf Graphic file (type pdf)

<use /Users/francisnewson/Documents/Birmingham/na62/note/working/halo_check/out
put/2015-09-03pm/neg_merge/lower/h_t_rat.pdf>
Package pdftex.def Info: /Users/francisnewson/Documents/Birmingham/na62/note/wo
rking/halo_check/output/2015-09-03pm/neg_merge/lower/h_t_rat.pdf used on input 
line 107.
(pdftex.def)             Requested size: 149.37697pt x 140.41885pt.

</Users/francisnewson/Documents/Birmingham/na62/note/working/halo_check/output/
2015-09-03pm/neg_merge/lower/h_z.pdf, id=2212, 569.12625pt x 534.99875pt>
File: /Users/francisnewson/Documents/Birmingham/na62/note/working/halo_check/ou
tput/2015-09-03pm/neg_merge/lower/h_z.pdf Graphic file (type pdf)

<use /Users/francisnewson/Documents/Birmingham/na62/note/working/halo_check/out
put/2015-09-03pm/neg_merge/lower/h_z.pdf>
Package pdftex.def Info: /Users/francisnewson/Documents/Birmingham/na62/note/wo
rking/halo_check/output/2015-09-03pm/neg_merge/lower/h_z.pdf used on input line
 108.
(pdftex.def)             Requested size: 149.37697pt x 140.41885pt.

</Users/francisnewson/Documents/Birmingham/na62/note/working/halo_check/output/
2015-09-03pm/neg_merge/lower/h_z_rat.pdf, id=2213, 569.12625pt x 534.99875pt>
File: /Users/francisnewson/Documents/Birmingham/na62/note/working/halo_check/ou
tput/2015-09-03pm/neg_merge/lower/h_z_rat.pdf Graphic file (type pdf)

<use /Users/francisnewson/Documents/Birmingham/na62/note/working/halo_check/out
put/2015-09-03pm/neg_merge/lower/h_z_rat.pdf>
Package pdftex.def Info: /Users/francisnewson/Documents/Birmingham/na62/note/wo
rking/halo_check/output/2015-09-03pm/neg_merge/lower/h_z_rat.pdf used on input 
line 109.
(pdftex.def)             Requested size: 149.37697pt x 140.41885pt.
 [6

 </Users/francisnewson/Documents/Birmingham/na62/note/working/halo_check/output
/2015-09-03pm/neg_merge/lower/h_cda.pdf, page is rotated 90 degrees> </Users/fr
ancisnewson/Documents/Birmingham/na62/note/working/halo_check/output/2015-09-03
pm/neg_merge/lower/h_cda_rat.pdf, page is rotated 90 degrees> </Users/francisne
wson/Documents/Birmingham/na62/note/working/halo_check/output/2015-09-03pm/neg_
merge/lower/h_m2m_kmu.pdf, page is rotated 90 degrees> </Users/francisnewson/Do
cuments/Birmingham/na62/note/working/halo_check/output/2015-09-03pm/neg_merge/l
ower/h_m2m_kmu_rat.pdf, page is rotated 90 degrees> </Users/francisnewson/Docum
ents/Birmingham/na62/note/working/halo_check/output/2015-09-03pm/neg_merge/lowe
r/h_p.pdf, page is rotated 90 degrees> </Users/francisnewson/Documents/Birmingh
am/na62/note/working/halo_check/output/2015-09-03pm/neg_merge/lower/h_p_rat.pdf
, page is rotated 90 degrees> </Users/francisnewson/Documents/Birmingham/na62/n
ote/working/halo_check/output/2015-09-03pm/neg_merge/lower/h_t.pdf, page is rot
ated 90 degrees> </Users/francisnewson/Documents/Birmingham/na62/note/working/h
alo_check/output/2015-09-03pm/neg_merge/lower/h_t_rat.pdf, page is rotated 90 d
egrees> </Users/francisnewson/Documents/Birmingham/na62/note/working/halo_check
/output/2015-09-03pm/neg_merge/lower/h_z.pdf, page is rotated 90 degrees> </Use
rs/francisnewson/Documents/Birmingham/na62/note/working/halo_check/output/2015-
09-03pm/neg_merge/lower/h_z_rat.pdf, page is rotated 90 degrees>]
</Users/francisnewson/Documents/Birmingham/na62/note/working/halo_check/output/
2015-09-03pm/pos_merge/all/h_cda.pdf, id=2648, 569.12625pt x 534.99875pt>
File: /Users/francisnewson/Documents/Birmingham/na62/note/working/halo_check/ou
tput/2015-09-03pm/pos_merge/all/h_cda.pdf Graphic file (type pdf)

<use /Users/francisnewson/Documents/Birmingham/na62/note/working/halo_check/out
put/2015-09-03pm/pos_merge/all/h_cda.pdf>
Package pdftex.def Info: /Users/francisnewson/Documents/Birmingham/na62/note/wo
rking/halo_check/output/2015-09-03pm/pos_merge/all/h_cda.pdf used on input line
 118.
(pdftex.def)             Requested size: 149.37697pt x 140.41885pt.

</Users/francisnewson/Documents/Birmingham/na62/note/working/halo_check/output/
2015-09-03pm/pos_merge/all/h_cda_rat.pdf, id=2649, 569.12625pt x 534.99875pt>
File: /Users/francisnewson/Documents/Birmingham/na62/note/working/halo_check/ou
tput/2015-09-03pm/pos_merge/all/h_cda_rat.pdf Graphic file (type pdf)

<use /Users/francisnewson/Documents/Birmingham/na62/note/working/halo_check/out
put/2015-09-03pm/pos_merge/all/h_cda_rat.pdf>
Package pdftex.def Info: /Users/francisnewson/Documents/Birmingham/na62/note/wo
rking/halo_check/output/2015-09-03pm/pos_merge/all/h_cda_rat.pdf used on input 
line 119.
(pdftex.def)             Requested size: 149.37697pt x 140.41885pt.

</Users/francisnewson/Documents/Birmingham/na62/note/working/halo_check/output/
2015-09-03pm/pos_merge/all/h_m2m_kmu.pdf, id=2650, 569.12625pt x 534.99875pt>
File: /Users/francisnewson/Documents/Birmingham/na62/note/working/halo_check/ou
tput/2015-09-03pm/pos_merge/all/h_m2m_kmu.pdf Graphic file (type pdf)

<use /Users/francisnewson/Documents/Birmingham/na62/note/working/halo_check/out
put/2015-09-03pm/pos_merge/all/h_m2m_kmu.pdf>
Package pdftex.def Info: /Users/francisnewson/Documents/Birmingham/na62/note/wo
rking/halo_check/output/2015-09-03pm/pos_merge/all/h_m2m_kmu.pdf used on input 
line 120.
(pdftex.def)             Requested size: 149.37697pt x 140.41885pt.

</Users/francisnewson/Documents/Birmingham/na62/note/working/halo_check/output/
2015-09-03pm/pos_merge/all/h_m2m_kmu_rat.pdf, id=2651, 569.12625pt x 534.99875p
t>
File: /Users/francisnewson/Documents/Birmingham/na62/note/working/halo_check/ou
tput/2015-09-03pm/pos_merge/all/h_m2m_kmu_rat.pdf Graphic file (type pdf)

<use /Users/francisnewson/Documents/Birmingham/na62/note/working/halo_check/out
put/2015-09-03pm/pos_merge/all/h_m2m_kmu_rat.pdf>
Package pdftex.def Info: /Users/francisnewson/Documents/Birmingham/na62/note/wo
rking/halo_check/output/2015-09-03pm/pos_merge/all/h_m2m_kmu_rat.pdf used on in
put line 121.
(pdftex.def)             Requested size: 149.37697pt x 140.41885pt.

</Users/francisnewson/Documents/Birmingham/na62/note/working/halo_check/output/
2015-09-03pm/pos_merge/all/h_p.pdf, id=2652, 569.12625pt x 534.99875pt>
File: /Users/francisnewson/Documents/Birmingham/na62/note/working/halo_check/ou
tput/2015-09-03pm/pos_merge/all/h_p.pdf Graphic file (type pdf)

<use /Users/francisnewson/Documents/Birmingham/na62/note/working/halo_check/out
put/2015-09-03pm/pos_merge/all/h_p.pdf>
Package pdftex.def Info: /Users/francisnewson/Documents/Birmingham/na62/note/wo
rking/halo_check/output/2015-09-03pm/pos_merge/all/h_p.pdf used on input line 1
22.
(pdftex.def)             Requested size: 149.37697pt x 140.41885pt.

</Users/francisnewson/Documents/Birmingham/na62/note/working/halo_check/output/
2015-09-03pm/pos_merge/all/h_p_rat.pdf, id=2653, 569.12625pt x 534.99875pt>
File: /Users/francisnewson/Documents/Birmingham/na62/note/working/halo_check/ou
tput/2015-09-03pm/pos_merge/all/h_p_rat.pdf Graphic file (type pdf)

<use /Users/francisnewson/Documents/Birmingham/na62/note/working/halo_check/out
put/2015-09-03pm/pos_merge/all/h_p_rat.pdf>
Package pdftex.def Info: /Users/francisnewson/Documents/Birmingham/na62/note/wo
rking/halo_check/output/2015-09-03pm/pos_merge/all/h_p_rat.pdf used on input li
ne 123.
(pdftex.def)             Requested size: 149.37697pt x 140.41885pt.

</Users/francisnewson/Documents/Birmingham/na62/note/working/halo_check/output/
2015-09-03pm/pos_merge/all/h_t.pdf, id=2654, 569.12625pt x 534.99875pt>
File: /Users/francisnewson/Documents/Birmingham/na62/note/working/halo_check/ou
tput/2015-09-03pm/pos_merge/all/h_t.pdf Graphic file (type pdf)

<use /Users/francisnewson/Documents/Birmingham/na62/note/working/halo_check/out
put/2015-09-03pm/pos_merge/all/h_t.pdf>
Package pdftex.def Info: /Users/francisnewson/Documents/Birmingham/na62/note/wo
rking/halo_check/output/2015-09-03pm/pos_merge/all/h_t.pdf used on input line 1
24.
(pdftex.def)             Requested size: 149.37697pt x 140.41885pt.

</Users/francisnewson/Documents/Birmingham/na62/note/working/halo_check/output/
2015-09-03pm/pos_merge/all/h_t_rat.pdf, id=2655, 569.12625pt x 534.99875pt>
File: /Users/francisnewson/Documents/Birmingham/na62/note/working/halo_check/ou
tput/2015-09-03pm/pos_merge/all/h_t_rat.pdf Graphic file (type pdf)

<use /Users/francisnewson/Documents/Birmingham/na62/note/working/halo_check/out
put/2015-09-03pm/pos_merge/all/h_t_rat.pdf>
Package pdftex.def Info: /Users/francisnewson/Documents/Birmingham/na62/note/wo
rking/halo_check/output/2015-09-03pm/pos_merge/all/h_t_rat.pdf used on input li
ne 125.
(pdftex.def)             Requested size: 149.37697pt x 140.41885pt.

</Users/francisnewson/Documents/Birmingham/na62/note/working/halo_check/output/
2015-09-03pm/pos_merge/all/h_z.pdf, id=2656, 569.12625pt x 534.99875pt>
File: /Users/francisnewson/Documents/Birmingham/na62/note/working/halo_check/ou
tput/2015-09-03pm/pos_merge/all/h_z.pdf Graphic file (type pdf)

<use /Users/francisnewson/Documents/Birmingham/na62/note/working/halo_check/out
put/2015-09-03pm/pos_merge/all/h_z.pdf>
Package pdftex.def Info: /Users/francisnewson/Documents/Birmingham/na62/note/wo
rking/halo_check/output/2015-09-03pm/pos_merge/all/h_z.pdf used on input line 1
26.
(pdftex.def)             Requested size: 149.37697pt x 140.41885pt.

</Users/francisnewson/Documents/Birmingham/na62/note/working/halo_check/output/
2015-09-03pm/pos_merge/all/h_z_rat.pdf, id=2657, 569.12625pt x 534.99875pt>
File: /Users/francisnewson/Documents/Birmingham/na62/note/working/halo_check/ou
tput/2015-09-03pm/pos_merge/all/h_z_rat.pdf Graphic file (type pdf)

<use /Users/francisnewson/Documents/Birmingham/na62/note/working/halo_check/out
put/2015-09-03pm/pos_merge/all/h_z_rat.pdf>
Package pdftex.def Info: /Users/francisnewson/Documents/Birmingham/na62/note/wo
rking/halo_check/output/2015-09-03pm/pos_merge/all/h_z_rat.pdf used on input li
ne 127.
(pdftex.def)             Requested size: 149.37697pt x 140.41885pt.
 [7

 </Users/francisnewson/Documents/Birmingham/na62/note/working/halo_check/output
/2015-09-03pm/pos_merge/all/h_cda.pdf, page is rotated 90 degrees> </Users/fran
cisnewson/Documents/Birmingham/na62/note/working/halo_check/output/2015-09-03pm
/pos_merge/all/h_cda_rat.pdf, page is rotated 90 degrees> </Users/francisnewson
/Documents/Birmingham/na62/note/working/halo_check/output/2015-09-03pm/pos_merg
e/all/h_m2m_kmu.pdf, page is rotated 90 degrees> </Users/francisnewson/Document
s/Birmingham/na62/note/working/halo_check/output/2015-09-03pm/pos_merge/all/h_m
2m_kmu_rat.pdf, page is rotated 90 degrees> </Users/francisnewson/Documents/Bir
mingham/na62/note/working/halo_check/output/2015-09-03pm/pos_merge/all/h_p.pdf,
 page is rotated 90 degrees> </Users/francisnewson/Documents/Birmingham/na62/no
te/working/halo_check/output/2015-09-03pm/pos_merge/all/h_p_rat.pdf, page is ro
tated 90 degrees> </Users/francisnewson/Documents/Birmingham/na62/note/working/
halo_check/output/2015-09-03pm/pos_merge/all/h_t.pdf, page is rotated 90 degree
s> </Users/francisnewson/Documents/Birmingham/na62/note/working/halo_check/outp
ut/2015-09-03pm/pos_merge/all/h_t_rat.pdf, page is rotated 90 degrees> </Users/
francisnewson/Documents/Birmingham/na62/note/working/halo_check/output/2015-09-
03pm/pos_merge/all/h_z.pdf, page is rotated 90 degrees> </Users/francisnewson/D
ocuments/Birmingham/na62/note/working/halo_check/output/2015-09-03pm/pos_merge/
all/h_z_rat.pdf, page is rotated 90 degrees>]
</Users/francisnewson/Documents/Birmingham/na62/note/working/halo_check/output/
2015-09-03pm/pos_merge/upper/h_cda.pdf, id=3094, 569.12625pt x 534.99875pt>
File: /Users/francisnewson/Documents/Birmingham/na62/note/working/halo_check/ou
tput/2015-09-03pm/pos_merge/upper/h_cda.pdf Graphic file (type pdf)

<use /Users/francisnewson/Documents/Birmingham/na62/note/working/halo_check/out
put/2015-09-03pm/pos_merge/upper/h_cda.pdf>
Package pdftex.def Info: /Users/francisnewson/Documents/Birmingham/na62/note/wo
rking/halo_check/output/2015-09-03pm/pos_merge/upper/h_cda.pdf used on input li
ne 136.
(pdftex.def)             Requested size: 149.37697pt x 140.41885pt.

</Users/francisnewson/Documents/Birmingham/na62/note/working/halo_check/output/
2015-09-03pm/pos_merge/upper/h_cda_rat.pdf, id=3095, 569.12625pt x 534.99875pt>
File: /Users/francisnewson/Documents/Birmingham/na62/note/working/halo_check/ou
tput/2015-09-03pm/pos_merge/upper/h_cda_rat.pdf Graphic file (type pdf)

<use /Users/francisnewson/Documents/Birmingham/na62/note/working/halo_check/out
put/2015-09-03pm/pos_merge/upper/h_cda_rat.pdf>
Package pdftex.def Info: /Users/francisnewson/Documents/Birmingham/na62/note/wo
rking/halo_check/output/2015-09-03pm/pos_merge/upper/h_cda_rat.pdf used on inpu
t line 137.
(pdftex.def)             Requested size: 149.37697pt x 140.41885pt.

</Users/francisnewson/Documents/Birmingham/na62/note/working/halo_check/output/
2015-09-03pm/pos_merge/upper/h_m2m_kmu.pdf, id=3096, 569.12625pt x 534.99875pt>
File: /Users/francisnewson/Documents/Birmingham/na62/note/working/halo_check/ou
tput/2015-09-03pm/pos_merge/upper/h_m2m_kmu.pdf Graphic file (type pdf)

<use /Users/francisnewson/Documents/Birmingham/na62/note/working/halo_check/out
put/2015-09-03pm/pos_merge/upper/h_m2m_kmu.pdf>
Package pdftex.def Info: /Users/francisnewson/Documents/Birmingham/na62/note/wo
rking/halo_check/output/2015-09-03pm/pos_merge/upper/h_m2m_kmu.pdf used on inpu
t line 138.
(pdftex.def)             Requested size: 149.37697pt x 140.41885pt.

</Users/francisnewson/Documents/Birmingham/na62/note/working/halo_check/output/
2015-09-03pm/pos_merge/upper/h_m2m_kmu_rat.pdf, id=3097, 569.12625pt x 534.9987
5pt>
File: /Users/francisnewson/Documents/Birmingham/na62/note/working/halo_check/ou
tput/2015-09-03pm/pos_merge/upper/h_m2m_kmu_rat.pdf Graphic file (type pdf)

<use /Users/francisnewson/Documents/Birmingham/na62/note/working/halo_check/out
put/2015-09-03pm/pos_merge/upper/h_m2m_kmu_rat.pdf>
Package pdftex.def Info: /Users/francisnewson/Documents/Birmingham/na62/note/wo
rking/halo_check/output/2015-09-03pm/pos_merge/upper/h_m2m_kmu_rat.pdf used on 
input line 139.
(pdftex.def)             Requested size: 149.37697pt x 140.41885pt.

</Users/francisnewson/Documents/Birmingham/na62/note/working/halo_check/output/
2015-09-03pm/pos_merge/upper/h_p.pdf, id=3098, 569.12625pt x 534.99875pt>
File: /Users/francisnewson/Documents/Birmingham/na62/note/working/halo_check/ou
tput/2015-09-03pm/pos_merge/upper/h_p.pdf Graphic file (type pdf)

<use /Users/francisnewson/Documents/Birmingham/na62/note/working/halo_check/out
put/2015-09-03pm/pos_merge/upper/h_p.pdf>
Package pdftex.def Info: /Users/francisnewson/Documents/Birmingham/na62/note/wo
rking/halo_check/output/2015-09-03pm/pos_merge/upper/h_p.pdf used on input line
 140.
(pdftex.def)             Requested size: 149.37697pt x 140.41885pt.

</Users/francisnewson/Documents/Birmingham/na62/note/working/halo_check/output/
2015-09-03pm/pos_merge/upper/h_p_rat.pdf, id=3099, 569.12625pt x 534.99875pt>
File: /Users/francisnewson/Documents/Birmingham/na62/note/working/halo_check/ou
tput/2015-09-03pm/pos_merge/upper/h_p_rat.pdf Graphic file (type pdf)

<use /Users/francisnewson/Documents/Birmingham/na62/note/working/halo_check/out
put/2015-09-03pm/pos_merge/upper/h_p_rat.pdf>
Package pdftex.def Info: /Users/francisnewson/Documents/Birmingham/na62/note/wo
rking/halo_check/output/2015-09-03pm/pos_merge/upper/h_p_rat.pdf used on input 
line 141.
(pdftex.def)             Requested size: 149.37697pt x 140.41885pt.

</Users/francisnewson/Documents/Birmingham/na62/note/working/halo_check/output/
2015-09-03pm/pos_merge/upper/h_t.pdf, id=3100, 569.12625pt x 534.99875pt>
File: /Users/francisnewson/Documents/Birmingham/na62/note/working/halo_check/ou
tput/2015-09-03pm/pos_merge/upper/h_t.pdf Graphic file (type pdf)

<use /Users/francisnewson/Documents/Birmingham/na62/note/working/halo_check/out
put/2015-09-03pm/pos_merge/upper/h_t.pdf>
Package pdftex.def Info: /Users/francisnewson/Documents/Birmingham/na62/note/wo
rking/halo_check/output/2015-09-03pm/pos_merge/upper/h_t.pdf used on input line
 142.
(pdftex.def)             Requested size: 149.37697pt x 140.41885pt.

</Users/francisnewson/Documents/Birmingham/na62/note/working/halo_check/output/
2015-09-03pm/pos_merge/upper/h_t_rat.pdf, id=3101, 569.12625pt x 534.99875pt>
File: /Users/francisnewson/Documents/Birmingham/na62/note/working/halo_check/ou
tput/2015-09-03pm/pos_merge/upper/h_t_rat.pdf Graphic file (type pdf)

<use /Users/francisnewson/Documents/Birmingham/na62/note/working/halo_check/out
put/2015-09-03pm/pos_merge/upper/h_t_rat.pdf>
Package pdftex.def Info: /Users/francisnewson/Documents/Birmingham/na62/note/wo
rking/halo_check/output/2015-09-03pm/pos_merge/upper/h_t_rat.pdf used on input 
line 143.
(pdftex.def)             Requested size: 149.37697pt x 140.41885pt.

</Users/francisnewson/Documents/Birmingham/na62/note/working/halo_check/output/
2015-09-03pm/pos_merge/upper/h_z.pdf, id=3102, 569.12625pt x 534.99875pt>
File: /Users/francisnewson/Documents/Birmingham/na62/note/working/halo_check/ou
tput/2015-09-03pm/pos_merge/upper/h_z.pdf Graphic file (type pdf)

<use /Users/francisnewson/Documents/Birmingham/na62/note/working/halo_check/out
put/2015-09-03pm/pos_merge/upper/h_z.pdf>
Package pdftex.def Info: /Users/francisnewson/Documents/Birmingham/na62/note/wo
rking/halo_check/output/2015-09-03pm/pos_merge/upper/h_z.pdf used on input line
 144.
(pdftex.def)             Requested size: 149.37697pt x 140.41885pt.

</Users/francisnewson/Documents/Birmingham/na62/note/working/halo_check/output/
2015-09-03pm/pos_merge/upper/h_z_rat.pdf, id=3103, 569.12625pt x 534.99875pt>
File: /Users/francisnewson/Documents/Birmingham/na62/note/working/halo_check/ou
tput/2015-09-03pm/pos_merge/upper/h_z_rat.pdf Graphic file (type pdf)

<use /Users/francisnewson/Documents/Birmingham/na62/note/working/halo_check/out
put/2015-09-03pm/pos_merge/upper/h_z_rat.pdf>
Package pdftex.def Info: /Users/francisnewson/Documents/Birmingham/na62/note/wo
rking/halo_check/output/2015-09-03pm/pos_merge/upper/h_z_rat.pdf used on input 
line 145.
(pdftex.def)             Requested size: 149.37697pt x 140.41885pt.
 [8

 </Users/francisnewson/Documents/Birmingham/na62/note/working/halo_check/output
/2015-09-03pm/pos_merge/upper/h_cda.pdf, page is rotated 90 degrees> </Users/fr
ancisnewson/Documents/Birmingham/na62/note/working/halo_check/output/2015-09-03
pm/pos_merge/upper/h_cda_rat.pdf, page is rotated 90 degrees> </Users/francisne
wson/Documents/Birmingham/na62/note/working/halo_check/output/2015-09-03pm/pos_
merge/upper/h_m2m_kmu.pdf, page is rotated 90 degrees> </Users/francisnewson/Do
cuments/Birmingham/na62/note/working/halo_check/output/2015-09-03pm/pos_merge/u
pper/h_m2m_kmu_rat.pdf, page is rotated 90 degrees> </Users/francisnewson/Docum
ents/Birmingham/na62/note/working/halo_check/output/2015-09-03pm/pos_merge/uppe
r/h_p.pdf, page is rotated 90 degrees> </Users/francisnewson/Documents/Birmingh
am/na62/note/working/halo_check/output/2015-09-03pm/pos_merge/upper/h_p_rat.pdf
, page is rotated 90 degrees> </Users/francisnewson/Documents/Birmingham/na62/n
ote/working/halo_check/output/2015-09-03pm/pos_merge/upper/h_t.pdf, page is rot
ated 90 degrees> </Users/francisnewson/Documents/Birmingham/na62/note/working/h
alo_check/output/2015-09-03pm/pos_merge/upper/h_t_rat.pdf, page is rotated 90 d
egrees> </Users/francisnewson/Documents/Birmingham/na62/note/working/halo_check
/output/2015-09-03pm/pos_merge/upper/h_z.pdf, page is rotated 90 degrees> </Use
rs/francisnewson/Documents/Birmingham/na62/note/working/halo_check/output/2015-
09-03pm/pos_merge/upper/h_z_rat.pdf, page is rotated 90 degrees>]
</Users/francisnewson/Documents/Birmingham/na62/note/working/halo_check/output/
2015-09-03pm/pos_merge/lower/h_cda.pdf, id=3539, 569.12625pt x 534.99875pt>
File: /Users/francisnewson/Documents/Birmingham/na62/note/working/halo_check/ou
tput/2015-09-03pm/pos_merge/lower/h_cda.pdf Graphic file (type pdf)

<use /Users/francisnewson/Documents/Birmingham/na62/note/working/halo_check/out
put/2015-09-03pm/pos_merge/lower/h_cda.pdf>
Package pdftex.def Info: /Users/francisnewson/Documents/Birmingham/na62/note/wo
rking/halo_check/output/2015-09-03pm/pos_merge/lower/h_cda.pdf used on input li
ne 154.
(pdftex.def)             Requested size: 149.37697pt x 140.41885pt.

</Users/francisnewson/Documents/Birmingham/na62/note/working/halo_check/output/
2015-09-03pm/pos_merge/lower/h_cda_rat.pdf, id=3540, 569.12625pt x 534.99875pt>
File: /Users/francisnewson/Documents/Birmingham/na62/note/working/halo_check/ou
tput/2015-09-03pm/pos_merge/lower/h_cda_rat.pdf Graphic file (type pdf)

<use /Users/francisnewson/Documents/Birmingham/na62/note/working/halo_check/out
put/2015-09-03pm/pos_merge/lower/h_cda_rat.pdf>
Package pdftex.def Info: /Users/francisnewson/Documents/Birmingham/na62/note/wo
rking/halo_check/output/2015-09-03pm/pos_merge/lower/h_cda_rat.pdf used on inpu
t line 155.
(pdftex.def)             Requested size: 149.37697pt x 140.41885pt.

</Users/francisnewson/Documents/Birmingham/na62/note/working/halo_check/output/
2015-09-03pm/pos_merge/lower/h_m2m_kmu.pdf, id=3541, 569.12625pt x 534.99875pt>
File: /Users/francisnewson/Documents/Birmingham/na62/note/working/halo_check/ou
tput/2015-09-03pm/pos_merge/lower/h_m2m_kmu.pdf Graphic file (type pdf)

<use /Users/francisnewson/Documents/Birmingham/na62/note/working/halo_check/out
put/2015-09-03pm/pos_merge/lower/h_m2m_kmu.pdf>
Package pdftex.def Info: /Users/francisnewson/Documents/Birmingham/na62/note/wo
rking/halo_check/output/2015-09-03pm/pos_merge/lower/h_m2m_kmu.pdf used on inpu
t line 156.
(pdftex.def)             Requested size: 149.37697pt x 140.41885pt.

</Users/francisnewson/Documents/Birmingham/na62/note/working/halo_check/output/
2015-09-03pm/pos_merge/lower/h_m2m_kmu_rat.pdf, id=3542, 569.12625pt x 534.9987
5pt>
File: /Users/francisnewson/Documents/Birmingham/na62/note/working/halo_check/ou
tput/2015-09-03pm/pos_merge/lower/h_m2m_kmu_rat.pdf Graphic file (type pdf)

<use /Users/francisnewson/Documents/Birmingham/na62/note/working/halo_check/out
put/2015-09-03pm/pos_merge/lower/h_m2m_kmu_rat.pdf>
Package pdftex.def Info: /Users/francisnewson/Documents/Birmingham/na62/note/wo
rking/halo_check/output/2015-09-03pm/pos_merge/lower/h_m2m_kmu_rat.pdf used on 
input line 157.
(pdftex.def)             Requested size: 149.37697pt x 140.41885pt.

</Users/francisnewson/Documents/Birmingham/na62/note/working/halo_check/output/
2015-09-03pm/pos_merge/lower/h_p.pdf, id=3543, 569.12625pt x 534.99875pt>
File: /Users/francisnewson/Documents/Birmingham/na62/note/working/halo_check/ou
tput/2015-09-03pm/pos_merge/lower/h_p.pdf Graphic file (type pdf)

<use /Users/francisnewson/Documents/Birmingham/na62/note/working/halo_check/out
put/2015-09-03pm/pos_merge/lower/h_p.pdf>
Package pdftex.def Info: /Users/francisnewson/Documents/Birmingham/na62/note/wo
rking/halo_check/output/2015-09-03pm/pos_merge/lower/h_p.pdf used on input line
 158.
(pdftex.def)             Requested size: 149.37697pt x 140.41885pt.

</Users/francisnewson/Documents/Birmingham/na62/note/working/halo_check/output/
2015-09-03pm/pos_merge/lower/h_p_rat.pdf, id=3544, 569.12625pt x 534.99875pt>
File: /Users/francisnewson/Documents/Birmingham/na62/note/working/halo_check/ou
tput/2015-09-03pm/pos_merge/lower/h_p_rat.pdf Graphic file (type pdf)

<use /Users/francisnewson/Documents/Birmingham/na62/note/working/halo_check/out
put/2015-09-03pm/pos_merge/lower/h_p_rat.pdf>
Package pdftex.def Info: /Users/francisnewson/Documents/Birmingham/na62/note/wo
rking/halo_check/output/2015-09-03pm/pos_merge/lower/h_p_rat.pdf used on input 
line 159.
(pdftex.def)             Requested size: 149.37697pt x 140.41885pt.

</Users/francisnewson/Documents/Birmingham/na62/note/working/halo_check/output/
2015-09-03pm/pos_merge/lower/h_t.pdf, id=3545, 569.12625pt x 534.99875pt>
File: /Users/francisnewson/Documents/Birmingham/na62/note/working/halo_check/ou
tput/2015-09-03pm/pos_merge/lower/h_t.pdf Graphic file (type pdf)

<use /Users/francisnewson/Documents/Birmingham/na62/note/working/halo_check/out
put/2015-09-03pm/pos_merge/lower/h_t.pdf>
Package pdftex.def Info: /Users/francisnewson/Documents/Birmingham/na62/note/wo
rking/halo_check/output/2015-09-03pm/pos_merge/lower/h_t.pdf used on input line
 160.
(pdftex.def)             Requested size: 149.37697pt x 140.41885pt.

</Users/francisnewson/Documents/Birmingham/na62/note/working/halo_check/output/
2015-09-03pm/pos_merge/lower/h_t_rat.pdf, id=3546, 569.12625pt x 534.99875pt>
File: /Users/francisnewson/Documents/Birmingham/na62/note/working/halo_check/ou
tput/2015-09-03pm/pos_merge/lower/h_t_rat.pdf Graphic file (type pdf)

<use /Users/francisnewson/Documents/Birmingham/na62/note/working/halo_check/out
put/2015-09-03pm/pos_merge/lower/h_t_rat.pdf>
Package pdftex.def Info: /Users/francisnewson/Documents/Birmingham/na62/note/wo
rking/halo_check/output/2015-09-03pm/pos_merge/lower/h_t_rat.pdf used on input 
line 161.
(pdftex.def)             Requested size: 149.37697pt x 140.41885pt.

</Users/francisnewson/Documents/Birmingham/na62/note/working/halo_check/output/
2015-09-03pm/pos_merge/lower/h_z.pdf, id=3547, 569.12625pt x 534.99875pt>
File: /Users/francisnewson/Documents/Birmingham/na62/note/working/halo_check/ou
tput/2015-09-03pm/pos_merge/lower/h_z.pdf Graphic file (type pdf)

<use /Users/francisnewson/Documents/Birmingham/na62/note/working/halo_check/out
put/2015-09-03pm/pos_merge/lower/h_z.pdf>
Package pdftex.def Info: /Users/francisnewson/Documents/Birmingham/na62/note/wo
rking/halo_check/output/2015-09-03pm/pos_merge/lower/h_z.pdf used on input line
 162.
(pdftex.def)             Requested size: 149.37697pt x 140.41885pt.

</Users/francisnewson/Documents/Birmingham/na62/note/working/halo_check/output/
2015-09-03pm/pos_merge/lower/h_z_rat.pdf, id=3548, 569.12625pt x 534.99875pt>
File: /Users/francisnewson/Documents/Birmingham/na62/note/working/halo_check/ou
tput/2015-09-03pm/pos_merge/lower/h_z_rat.pdf Graphic file (type pdf)

<use /Users/francisnewson/Documents/Birmingham/na62/note/working/halo_check/out
put/2015-09-03pm/pos_merge/lower/h_z_rat.pdf>
Package pdftex.def Info: /Users/francisnewson/Documents/Birmingham/na62/note/wo
rking/halo_check/output/2015-09-03pm/pos_merge/lower/h_z_rat.pdf used on input 
line 163.
(pdftex.def)             Requested size: 149.37697pt x 140.41885pt.
 [9

 </Users/francisnewson/Documents/Birmingham/na62/note/working/halo_check/output
/2015-09-03pm/pos_merge/lower/h_cda.pdf, page is rotated 90 degrees> </Users/fr
ancisnewson/Documents/Birmingham/na62/note/working/halo_check/output/2015-09-03
pm/pos_merge/lower/h_cda_rat.pdf, page is rotated 90 degrees> </Users/francisne
wson/Documents/Birmingham/na62/note/working/halo_check/output/2015-09-03pm/pos_
merge/lower/h_m2m_kmu.pdf, page is rotated 90 degrees> </Users/francisnewson/Do
cuments/Birmingham/na62/note/working/halo_check/output/2015-09-03pm/pos_merge/l
ower/h_m2m_kmu_rat.pdf, page is rotated 90 degrees> </Users/francisnewson/Docum
ents/Birmingham/na62/note/working/halo_check/output/2015-09-03pm/pos_merge/lowe
r/h_p.pdf, page is rotated 90 degrees> </Users/francisnewson/Documents/Birmingh
am/na62/note/working/halo_check/output/2015-09-03pm/pos_merge/lower/h_p_rat.pdf
, page is rotated 90 degrees> </Users/francisnewson/Documents/Birmingham/na62/n
ote/working/halo_check/output/2015-09-03pm/pos_merge/lower/h_t.pdf, page is rot
ated 90 degrees> </Users/francisnewson/Documents/Birmingham/na62/note/working/h
alo_check/output/2015-09-03pm/pos_merge/lower/h_t_rat.pdf, page is rotated 90 d
egrees> </Users/francisnewson/Documents/Birmingham/na62/note/working/halo_check
/output/2015-09-03pm/pos_merge/lower/h_z.pdf, page is rotated 90 degrees> </Use
rs/francisnewson/Documents/Birmingham/na62/note/working/halo_check/output/2015-
09-03pm/pos_merge/lower/h_z_rat.pdf, page is rotated 90 degrees>] (./report.aux
) ) 
Here is how much of TeX's memory you used:
 2328 strings out of 495004
 73603 string characters out of 6181263
 88278 words of memory out of 5000000
 5544 multiletter control sequences out of 15000+600000
 4245 words of font info for 16 fonts, out of 8000000 for 9000
 14 hyphenation exceptions out of 8191
 38i,11n,32p,306b,304s stack positions out of 5000i,500n,10000p,200000b,80000s
</opt/local/share/texmf-texlive/fonts/type1/public/amsfonts/cm/cmbx12.pfb></
opt/local/share/texmf-texlive/fonts/type1/public/amsfonts/cm/cmr10.pfb>
Output written on report.pdf (9 pages, 1328915 bytes).
PDF statistics:
 3993 PDF objects out of 4296 (max. 8388607)
 1645 compressed objects within 17 object streams
 0 named destinations out of 1000 (max. 500000)
 451 words of extra memory for PDF output out of 10000 (max. 10000000)

